RUN	apiKata.postProducts.PostProductsSuccess	postproductssuccess	1742082815728	 	3.11.5
USER	Modelo Abierto | Disminucion de usuarios	START	1742082816128
USER	Modelo Cerrado | Aumento de usuarios concurrentes	START	1742082816128
USER	Modelo Abierto | Usuarios constantes por segundo	START	1742082816129
USER	Modelo Cerrado | Usuarios concurrentes por segundo	START	1742082816130
USER	Modelo Abierto | Usuarios fijos al mismo tiempo	START	1742082816130
USER	Modelo Abierto | Usuarios fijos al mismo tiempo	START	1742082816130
USER	Modelo Abierto | Usuarios fijos al mismo tiempo	START	1742082816143
USER	Modelo Cerrado | Usuarios concurrentes por segundo	START	1742082816331
USER	Modelo Abierto | Disminucion de usuarios	START	1742082816373
USER	Modelo Abierto | Usuarios constantes por segundo	START	1742082816455
USER	Modelo Cerrado | Aumento de usuarios concurrentes	START	1742082816461
USER	Modelo Cerrado | Usuarios concurrentes por segundo	START	1742082816531
USER	Modelo Abierto | Disminucion de usuarios	START	1742082816623
USER	Modelo Cerrado | Usuarios concurrentes por segundo	START	1742082816732
USER	Modelo Abierto | Usuarios constantes por segundo	START	1742082816789
USER	Modelo Cerrado | Aumento de usuarios concurrentes	START	1742082816794
USER	Modelo Abierto | Disminucion de usuarios	START	1742082816873
USER	Modelo Cerrado | Usuarios concurrentes por segundo	START	1742082816932
REQUEST		post model	1742082816140	1742082817030	OK	 
REQUEST		post model	1742082816143	1742082817031	OK	 
REQUEST		post model	1742082816140	1742082817031	OK	 
REQUEST		post model	1742082816140	1742082817032	OK	 
REQUEST		post model	1742082816140	1742082817028	OK	 
REQUEST		post model	1742082816140	1742082817031	OK	 
REQUEST		post model	1742082816332	1742082817031	OK	 
REQUEST		post model	1742082816374	1742082817050	OK	 
USER	Modelo Cerrado | Usuarios concurrentes por segundo	END	1742082817053
USER	Modelo Abierto | Usuarios fijos al mismo tiempo	END	1742082817053
USER	Modelo Abierto | Usuarios fijos al mismo tiempo	END	1742082817053
USER	Modelo Abierto | Disminucion de usuarios	END	1742082817053
USER	Modelo Cerrado | Usuarios concurrentes por segundo	END	1742082817054
USER	Modelo Abierto | Usuarios constantes por segundo	END	1742082817054
USER	Modelo Abierto | Disminucion de usuarios	END	1742082817054
USER	Modelo Abierto | Usuarios fijos al mismo tiempo	END	1742082817054
USER	Modelo Cerrado | Usuarios concurrentes por segundo	START	1742082817054
USER	Modelo Cerrado | Usuarios concurrentes por segundo	START	1742082817054
REQUEST		post model	1742082816140	1742082817055	OK	 
USER	Modelo Cerrado | Aumento de usuarios concurrentes	END	1742082817056
USER	Modelo Cerrado | Aumento de usuarios concurrentes	START	1742082817056
USER	Modelo Abierto | Usuarios constantes por segundo	START	1742082817123
USER	Modelo Abierto | Disminucion de usuarios	START	1742082817123
USER	Modelo Cerrado | Aumento de usuarios concurrentes	START	1742082817133
REQUEST		post model	1742082816462	1742082817156	OK	 
USER	Modelo Cerrado | Aumento de usuarios concurrentes	END	1742082817157
USER	Modelo Cerrado | Aumento de usuarios concurrentes	START	1742082817157
REQUEST		post model	1742082816456	1742082817166	OK	 
USER	Modelo Abierto | Usuarios constantes por segundo	END	1742082817167
REQUEST		post model	1742082816533	1742082817232	OK	 
USER	Modelo Cerrado | Usuarios concurrentes por segundo	END	1742082817235
USER	Modelo Cerrado | Usuarios concurrentes por segundo	START	1742082817235
REQUEST		post model	1742082816625	1742082817306	OK	 
USER	Modelo Abierto | Disminucion de usuarios	END	1742082817313
USER	Modelo Abierto | Disminucion de usuarios	START	1742082817325
REQUEST		post model	1742082816734	1742082817413	OK	 
USER	Modelo Cerrado | Usuarios concurrentes por segundo	END	1742082817417
USER	Modelo Cerrado | Usuarios concurrentes por segundo	START	1742082817418
USER	Modelo Abierto | Usuarios constantes por segundo	START	1742082817456
REQUEST		post model	1742082816790	1742082817482	OK	 
USER	Modelo Abierto | Usuarios constantes por segundo	END	1742082817487
USER	Modelo Abierto | Disminucion de usuarios	START	1742082817524
REQUEST		post model	1742082816874	1742082817534	OK	 
USER	Modelo Abierto | Disminucion de usuarios	END	1742082817539
REQUEST		post model	1742082816795	1742082817590	OK	 
USER	Modelo Cerrado | Aumento de usuarios concurrentes	END	1742082817594
USER	Modelo Cerrado | Aumento de usuarios concurrentes	START	1742082817594
REQUEST		post model	1742082816932	1742082817606	OK	 
USER	Modelo Cerrado | Usuarios concurrentes por segundo	END	1742082817608
USER	Modelo Cerrado | Usuarios concurrentes por segundo	START	1742082817608
USER	Modelo Abierto | Disminucion de usuarios	START	1742082817725
REQUEST		post model	1742082817055	1742082817741	OK	 
USER	Modelo Cerrado | Usuarios concurrentes por segundo	END	1742082817744
USER	Modelo Cerrado | Usuarios concurrentes por segundo	START	1742082817745
REQUEST		post model	1742082817056	1742082817745	OK	 
USER	Modelo Cerrado | Aumento de usuarios concurrentes	END	1742082817746
USER	Modelo Cerrado | Aumento de usuarios concurrentes	START	1742082817747
REQUEST		post model	1742082817055	1742082817752	OK	 
USER	Modelo Cerrado | Usuarios concurrentes por segundo	END	1742082817754
USER	Modelo Cerrado | Usuarios concurrentes por segundo	START	1742082817754
USER	Modelo Abierto | Usuarios constantes por segundo	START	1742082817789
REQUEST		post model	1742082817123	1742082817798	OK	 
USER	Modelo Abierto | Disminucion de usuarios	END	1742082817799
REQUEST		post model	1742082817133	1742082817811	OK	 
USER	Modelo Cerrado | Aumento de usuarios concurrentes	END	1742082817813
USER	Modelo Cerrado | Aumento de usuarios concurrentes	START	1742082817813
REQUEST		post model	1742082817123	1742082817830	OK	 
USER	Modelo Abierto | Usuarios constantes por segundo	END	1742082817832
REQUEST		post model	1742082817157	1742082817841	OK	 
USER	Modelo Cerrado | Aumento de usuarios concurrentes	END	1742082817844
USER	Modelo Cerrado | Aumento de usuarios concurrentes	START	1742082817844
REQUEST		post model	1742082817236	1742082817910	OK	 
USER	Modelo Cerrado | Usuarios concurrentes por segundo	END	1742082817912
USER	Modelo Cerrado | Usuarios concurrentes por segundo	START	1742082817913
USER	Modelo Abierto | Disminucion de usuarios	START	1742082817924
REQUEST		post model	1742082817326	1742082818029	OK	 
USER	Modelo Abierto | Disminucion de usuarios	END	1742082818032
REQUEST		post model	1742082817419	1742082818113	OK	 
USER	Modelo Cerrado | Usuarios concurrentes por segundo	END	1742082818116
USER	Modelo Cerrado | Usuarios concurrentes por segundo	START	1742082818117
USER	Modelo Abierto | Disminucion de usuarios	START	1742082818124
REQUEST		post model	1742082817457	1742082818145	OK	 
USER	Modelo Abierto | Usuarios constantes por segundo	END	1742082818146
REQUEST		post model	1742082817525	1742082818206	OK	 
USER	Modelo Abierto | Disminucion de usuarios	END	1742082818209
REQUEST		post model	1742082817595	1742082818277	OK	 
USER	Modelo Cerrado | Aumento de usuarios concurrentes	END	1742082818280
REQUEST		post model	1742082817608	1742082818280	OK	 
USER	Modelo Cerrado | Aumento de usuarios concurrentes	START	1742082818281
USER	Modelo Cerrado | Usuarios concurrentes por segundo	END	1742082818284
USER	Modelo Cerrado | Usuarios concurrentes por segundo	START	1742082818284
USER	Modelo Abierto | Disminucion de usuarios	START	1742082818374
REQUEST		post model	1742082817745	1742082818425	OK	 
REQUEST		post model	1742082817725	1742082818425	OK	 
USER	Modelo Abierto | Disminucion de usuarios	END	1742082818429
USER	Modelo Cerrado | Usuarios concurrentes por segundo	END	1742082818429
USER	Modelo Cerrado | Usuarios concurrentes por segundo	START	1742082818430
REQUEST		post model	1742082817747	1742082818435	OK	 
USER	Modelo Cerrado | Aumento de usuarios concurrentes	END	1742082818437
USER	Modelo Cerrado | Aumento de usuarios concurrentes	START	1742082818438
REQUEST		post model	1742082817754	1742082818443	OK	 
USER	Modelo Cerrado | Usuarios concurrentes por segundo	END	1742082818444
USER	Modelo Cerrado | Usuarios concurrentes por segundo	START	1742082818444
REQUEST		post model	1742082817790	1742082818481	OK	 
USER	Modelo Abierto | Usuarios constantes por segundo	END	1742082818484
REQUEST		post model	1742082817814	1742082818494	OK	 
USER	Modelo Cerrado | Aumento de usuarios concurrentes	END	1742082818496
USER	Modelo Cerrado | Aumento de usuarios concurrentes	START	1742082818497
REQUEST		post model	1742082817844	1742082818526	OK	 
USER	Modelo Cerrado | Aumento de usuarios concurrentes	END	1742082818530
USER	Modelo Cerrado | Aumento de usuarios concurrentes	START	1742082818530
REQUEST		post model	1742082817924	1742082818600	OK	 
USER	Modelo Abierto | Disminucion de usuarios	END	1742082818603
REQUEST		post model	1742082817913	1742082818620	OK	 
USER	Modelo Cerrado | Usuarios concurrentes por segundo	END	1742082818623
USER	Modelo Abierto | Disminucion de usuarios	START	1742082818623
USER	Modelo Cerrado | Usuarios concurrentes por segundo	START	1742082818624
REQUEST		post model	1742082818118	1742082818792	OK	 
USER	Modelo Cerrado | Usuarios concurrentes por segundo	END	1742082818796
USER	Modelo Cerrado | Usuarios concurrentes por segundo	START	1742082818797
REQUEST		post model	1742082818125	1742082818801	OK	 
USER	Modelo Abierto | Disminucion de usuarios	END	1742082818802
USER	Modelo Abierto | Disminucion de usuarios	START	1742082818874
REQUEST		post model	1742082818282	1742082818957	OK	 
USER	Modelo Cerrado | Aumento de usuarios concurrentes	END	1742082818960
REQUEST		post model	1742082818285	1742082818959	OK	 
USER	Modelo Cerrado | Aumento de usuarios concurrentes	START	1742082818961
USER	Modelo Cerrado | Usuarios concurrentes por segundo	END	1742082818963
USER	Modelo Cerrado | Usuarios concurrentes por segundo	START	1742082818963
REQUEST		post model	1742082818375	1742082819045	OK	 
USER	Modelo Abierto | Disminucion de usuarios	END	1742082819049
REQUEST		post model	1742082818431	1742082819113	OK	 
USER	Modelo Cerrado | Usuarios concurrentes por segundo	END	1742082819115
USER	Modelo Cerrado | Usuarios concurrentes por segundo	START	1742082819115
REQUEST		post model	1742082818438	1742082819122	OK	 
USER	Modelo Cerrado | Aumento de usuarios concurrentes	END	1742082819123
USER	Modelo Cerrado | Aumento de usuarios concurrentes	START	1742082819123
USER	Modelo Abierto | Disminucion de usuarios	START	1742082819124
USER	Modelo Cerrado | Aumento de usuarios concurrentes	START	1742082819133
REQUEST		post model	1742082818444	1742082819142	OK	 
USER	Modelo Cerrado | Usuarios concurrentes por segundo	END	1742082819143
REQUEST		post model	1742082818497	1742082819165	OK	 
USER	Modelo Cerrado | Aumento de usuarios concurrentes	END	1742082819166
USER	Modelo Cerrado | Aumento de usuarios concurrentes	START	1742082819167
REQUEST		post model	1742082818531	1742082819208	OK	 
USER	Modelo Cerrado | Aumento de usuarios concurrentes	END	1742082819209
USER	Modelo Cerrado | Aumento de usuarios concurrentes	START	1742082819209
REQUEST		post model	1742082818624	1742082819293	OK	 
USER	Modelo Abierto | Disminucion de usuarios	END	1742082819294
REQUEST		post model	1742082818624	1742082819311	OK	 
USER	Modelo Cerrado | Usuarios concurrentes por segundo	END	1742082819312
USER	Modelo Abierto | Disminucion de usuarios	START	1742082819374
REQUEST		post model	1742082818797	1742082819478	OK	 
USER	Modelo Cerrado | Usuarios concurrentes por segundo	END	1742082819482
REQUEST		post model	1742082818876	1742082819541	OK	 
USER	Modelo Abierto | Disminucion de usuarios	END	1742082819545
USER	Modelo Abierto | Disminucion de usuarios	START	1742082819623
REQUEST		post model	1742082818962	1742082819634	OK	 
USER	Modelo Cerrado | Aumento de usuarios concurrentes	END	1742082819637
USER	Modelo Cerrado | Aumento de usuarios concurrentes	START	1742082819638
REQUEST		post model	1742082818964	1742082819659	OK	 
USER	Modelo Cerrado | Usuarios concurrentes por segundo	END	1742082819662
REQUEST		post model	1742082819116	1742082819792	OK	 
REQUEST		post model	1742082819123	1742082819797	OK	 
USER	Modelo Cerrado | Usuarios concurrentes por segundo	END	1742082819798
USER	Modelo Cerrado | Aumento de usuarios concurrentes	END	1742082819800
USER	Modelo Cerrado | Aumento de usuarios concurrentes	START	1742082819800
REQUEST		post model	1742082819124	1742082819817	OK	 
REQUEST		post model	1742082819134	1742082819817	OK	 
USER	Modelo Cerrado | Aumento de usuarios concurrentes	END	1742082819820
USER	Modelo Abierto | Disminucion de usuarios	END	1742082819820
USER	Modelo Cerrado | Aumento de usuarios concurrentes	START	1742082819820
REQUEST		post model	1742082819167	1742082819863	OK	 
USER	Modelo Cerrado | Aumento de usuarios concurrentes	END	1742082819867
USER	Modelo Cerrado | Aumento de usuarios concurrentes	START	1742082819867
USER	Modelo Abierto | Disminucion de usuarios	START	1742082819874
REQUEST		post model	1742082819209	1742082819881	OK	 
USER	Modelo Cerrado | Aumento de usuarios concurrentes	END	1742082819883
USER	Modelo Cerrado | Aumento de usuarios concurrentes	START	1742082819883
REQUEST		post model	1742082819375	1742082820077	OK	 
USER	Modelo Abierto | Disminucion de usuarios	END	1742082820081
USER	Modelo Abierto | Disminucion de usuarios	START	1742082820125
USER	Modelo Cerrado | Aumento de usuarios concurrentes	START	1742082820131
REQUEST		post model	1742082819625	1742082820297	OK	 
USER	Modelo Abierto | Disminucion de usuarios	END	1742082820302
REQUEST		post model	1742082819638	1742082820325	OK	 
USER	Modelo Cerrado | Aumento de usuarios concurrentes	END	1742082820329
USER	Modelo Cerrado | Aumento de usuarios concurrentes	START	1742082820330
USER	Modelo Abierto | Disminucion de usuarios	START	1742082820373
REQUEST		post model	1742082819800	1742082820486	OK	 
REQUEST		post model	1742082819820	1742082820488	OK	 
USER	Modelo Cerrado | Aumento de usuarios concurrentes	END	1742082820491
USER	Modelo Cerrado | Aumento de usuarios concurrentes	END	1742082820491
USER	Modelo Cerrado | Aumento de usuarios concurrentes	START	1742082820492
USER	Modelo Cerrado | Aumento de usuarios concurrentes	START	1742082820492
REQUEST		post model	1742082819874	1742082820555	OK	 
USER	Modelo Abierto | Disminucion de usuarios	END	1742082820560
REQUEST		post model	1742082819868	1742082820562	OK	 
USER	Modelo Cerrado | Aumento de usuarios concurrentes	END	1742082820564
USER	Modelo Cerrado | Aumento de usuarios concurrentes	START	1742082820564
REQUEST		post model	1742082819884	1742082820567	OK	 
USER	Modelo Cerrado | Aumento de usuarios concurrentes	END	1742082820568
USER	Modelo Cerrado | Aumento de usuarios concurrentes	START	1742082820568
USER	Modelo Abierto | Disminucion de usuarios	START	1742082820623
REQUEST		post model	1742082820126	1742082820819	OK	 
USER	Modelo Abierto | Disminucion de usuarios	END	1742082820823
REQUEST		post model	1742082820131	1742082820824	OK	 
USER	Modelo Cerrado | Aumento de usuarios concurrentes	END	1742082820826
USER	Modelo Cerrado | Aumento de usuarios concurrentes	START	1742082820826
USER	Modelo Abierto | Disminucion de usuarios	START	1742082820873
REQUEST		post model	1742082820331	1742082821009	OK	 
USER	Modelo Cerrado | Aumento de usuarios concurrentes	END	1742082821013
USER	Modelo Cerrado | Aumento de usuarios concurrentes	START	1742082821013
REQUEST		post model	1742082820374	1742082821079	OK	 
USER	Modelo Abierto | Disminucion de usuarios	END	1742082821081
USER	Modelo Abierto | Disminucion de usuarios	START	1742082821123
REQUEST		post model	1742082820493	1742082821191	OK	 
USER	Modelo Cerrado | Aumento de usuarios concurrentes	END	1742082821193
REQUEST		post model	1742082820493	1742082821195	OK	 
USER	Modelo Cerrado | Aumento de usuarios concurrentes	END	1742082821197
REQUEST		post model	1742082820568	1742082821248	OK	 
USER	Modelo Cerrado | Aumento de usuarios concurrentes	END	1742082821250
REQUEST		post model	1742082820564	1742082821251	OK	 
USER	Modelo Cerrado | Aumento de usuarios concurrentes	END	1742082821253
REQUEST		post model	1742082820624	1742082821309	OK	 
USER	Modelo Abierto | Disminucion de usuarios	END	1742082821313
USER	Modelo Abierto | Disminucion de usuarios	START	1742082821456
REQUEST		post model	1742082820827	1742082821510	OK	 
USER	Modelo Cerrado | Aumento de usuarios concurrentes	END	1742082821514
REQUEST		post model	1742082820875	1742082821571	OK	 
USER	Modelo Abierto | Disminucion de usuarios	END	1742082821575
REQUEST		post model	1742082821014	1742082821697	OK	 
USER	Modelo Cerrado | Aumento de usuarios concurrentes	END	1742082821701
USER	Modelo Abierto | Disminucion de usuarios	START	1742082821789
REQUEST		post model	1742082821124	1742082821797	OK	 
USER	Modelo Abierto | Disminucion de usuarios	END	1742082821801
USER	Modelo Abierto | Disminucion de usuarios	START	1742082822123
REQUEST		post model	1742082821457	1742082822146	OK	 
USER	Modelo Abierto | Disminucion de usuarios	END	1742082822150
USER	Modelo Abierto | Disminucion de usuarios	START	1742082822456
REQUEST		post model	1742082821791	1742082822478	OK	 
USER	Modelo Abierto | Disminucion de usuarios	END	1742082822482
USER	Modelo Abierto | Disminucion de usuarios	START	1742082822789
REQUEST		post model	1742082822124	1742082822822	OK	 
USER	Modelo Abierto | Disminucion de usuarios	END	1742082822824
USER	Modelo Abierto | Disminucion de usuarios	START	1742082823124
REQUEST		post model	1742082822457	1742082823155	OK	 
USER	Modelo Abierto | Disminucion de usuarios	END	1742082823159
USER	Modelo Abierto | Disminucion de usuarios	START	1742082823456
REQUEST		post model	1742082822791	1742082823490	OK	 
USER	Modelo Abierto | Disminucion de usuarios	END	1742082823493
USER	Modelo Abierto | Disminucion de usuarios	START	1742082823789
REQUEST		post model	1742082823125	1742082823807	OK	 
USER	Modelo Abierto | Disminucion de usuarios	END	1742082823811
USER	Modelo Abierto | Disminucion de usuarios	START	1742082824123
REQUEST		post model	1742082823457	1742082824136	OK	 
USER	Modelo Abierto | Disminucion de usuarios	END	1742082824138
REQUEST		post model	1742082823791	1742082824471	OK	 
USER	Modelo Abierto | Disminucion de usuarios	END	1742082824474
USER	Modelo Abierto | Disminucion de usuarios	START	1742082824624
REQUEST		post model	1742082824124	1742082824826	OK	 
USER	Modelo Abierto | Disminucion de usuarios	END	1742082824834
USER	Modelo Abierto | Disminucion de usuarios	START	1742082825123
REQUEST		post model	1742082824626	1742082825308	OK	 
USER	Modelo Abierto | Disminucion de usuarios	END	1742082825313
USER	Modelo Abierto | Disminucion de usuarios	START	1742082825456
USER	Modelo Abierto | Disminucion de usuarios	START	1742082825790
REQUEST		post model	1742082825125	1742082825818	OK	 
USER	Modelo Abierto | Disminucion de usuarios	END	1742082825823
REQUEST		post model	1742082825457	1742082826141	OK	 
USER	Modelo Abierto | Disminucion de usuarios	END	1742082826142
REQUEST		post model	1742082825792	1742082826485	OK	 
USER	Modelo Abierto | Disminucion de usuarios	END	1742082826489
