RUN	apiKata.getProducts.GetProductsSuccess	getproductssuccess	1742059098972	 	3.11.5
USER	Modelo Abierto | Disminucion de usuarios	START	1742059099434
USER	Modelo Cerrado | Aumento de usuarios concurrentes	START	1742059099434
USER	Modelo Abierto | Usuarios constantes por segundo	START	1742059099435
USER	Modelo Cerrado | Usuarios concurrentes por segundo	START	1742059099436
USER	Modelo Abierto | Usuarios fijos al mismo tiempo	START	1742059099437
USER	Modelo Abierto | Usuarios fijos al mismo tiempo	START	1742059099437
USER	Modelo Abierto | Usuarios fijos al mismo tiempo	START	1742059099449
USER	Modelo Cerrado | Usuarios concurrentes por segundo	START	1742059099638
USER	Modelo Abierto | Disminucion de usuarios	START	1742059099676
USER	Modelo Abierto | Usuarios constantes por segundo	START	1742059099758
USER	Modelo Cerrado | Aumento de usuarios concurrentes	START	1742059099767
USER	Modelo Cerrado | Usuarios concurrentes por segundo	START	1742059099838
USER	Modelo Abierto | Disminucion de usuarios	START	1742059099925
REQUEST		get model	1742059099638	1742059099996	OK	 
REQUEST		get model	1742059099446	1742059099982	OK	 
REQUEST		get model	1742059099446	1742059099982	OK	 
USER	Modelo Cerrado | Usuarios concurrentes por segundo	END	1742059100003
USER	Modelo Abierto | Usuarios fijos al mismo tiempo	END	1742059100003
USER	Modelo Cerrado | Usuarios concurrentes por segundo	START	1742059100003
USER	Modelo Abierto | Usuarios constantes por segundo	END	1742059100004
REQUEST		get model	1742059099446	1742059100025	OK	 
USER	Modelo Abierto | Disminucion de usuarios	END	1742059100028
USER	Modelo Cerrado | Usuarios concurrentes por segundo	START	1742059100038
REQUEST		get model	1742059099676	1742059100039	OK	 
USER	Modelo Abierto | Disminucion de usuarios	END	1742059100041
USER	Modelo Abierto | Usuarios constantes por segundo	START	1742059100091
REQUEST		get model	1742059099759	1742059100097	OK	 
USER	Modelo Abierto | Usuarios constantes por segundo	END	1742059100100
USER	Modelo Cerrado | Aumento de usuarios concurrentes	START	1742059100100
REQUEST		get model	1742059099768	1742059100112	OK	 
USER	Modelo Cerrado | Aumento de usuarios concurrentes	END	1742059100114
USER	Modelo Cerrado | Aumento de usuarios concurrentes	START	1742059100114
USER	Modelo Abierto | Disminucion de usuarios	START	1742059100175
REQUEST		get model	1742059099839	1742059100199	OK	 
USER	Modelo Cerrado | Usuarios concurrentes por segundo	END	1742059100201
USER	Modelo Cerrado | Usuarios concurrentes por segundo	START	1742059100201
USER	Modelo Cerrado | Usuarios concurrentes por segundo	START	1742059100237
REQUEST		get model	1742059099926	1742059100274	OK	 
USER	Modelo Abierto | Disminucion de usuarios	END	1742059100277
REQUEST		get model	1742059099450	1742059100308	OK	 
USER	Modelo Abierto | Usuarios fijos al mismo tiempo	END	1742059100310
REQUEST		get model	1742059099446	1742059100310	OK	 
USER	Modelo Abierto | Usuarios fijos al mismo tiempo	END	1742059100311
REQUEST		get model	1742059099446	1742059100313	OK	 
REQUEST		get model	1742059099446	1742059100313	OK	 
USER	Modelo Cerrado | Usuarios concurrentes por segundo	END	1742059100314
USER	Modelo Cerrado | Usuarios concurrentes por segundo	START	1742059100315
USER	Modelo Cerrado | Aumento de usuarios concurrentes	END	1742059100315
USER	Modelo Cerrado | Aumento de usuarios concurrentes	START	1742059100315
REQUEST		get model	1742059100004	1742059100340	OK	 
USER	Modelo Cerrado | Usuarios concurrentes por segundo	END	1742059100342
USER	Modelo Cerrado | Usuarios concurrentes por segundo	START	1742059100343
REQUEST		get model	1742059100038	1742059100386	OK	 
USER	Modelo Cerrado | Usuarios concurrentes por segundo	END	1742059100388
USER	Modelo Cerrado | Usuarios concurrentes por segundo	START	1742059100388
USER	Modelo Abierto | Usuarios constantes por segundo	START	1742059100425
USER	Modelo Abierto | Disminucion de usuarios	START	1742059100426
USER	Modelo Cerrado | Aumento de usuarios concurrentes	START	1742059100436
REQUEST		get model	1742059100091	1742059100453	OK	 
USER	Modelo Abierto | Usuarios constantes por segundo	END	1742059100454
REQUEST		get model	1742059100100	1742059100455	OK	 
REQUEST		get model	1742059100115	1742059100455	OK	 
USER	Modelo Cerrado | Aumento de usuarios concurrentes	END	1742059100456
USER	Modelo Cerrado | Aumento de usuarios concurrentes	START	1742059100456
USER	Modelo Cerrado | Aumento de usuarios concurrentes	END	1742059100457
USER	Modelo Cerrado | Aumento de usuarios concurrentes	START	1742059100457
REQUEST		get model	1742059100176	1742059100514	OK	 
USER	Modelo Abierto | Disminucion de usuarios	END	1742059100515
REQUEST		get model	1742059100201	1742059100561	OK	 
USER	Modelo Cerrado | Usuarios concurrentes por segundo	END	1742059100562
USER	Modelo Cerrado | Usuarios concurrentes por segundo	START	1742059100563
REQUEST		get model	1742059100238	1742059100583	OK	 
USER	Modelo Cerrado | Usuarios concurrentes por segundo	END	1742059100584
USER	Modelo Cerrado | Usuarios concurrentes por segundo	START	1742059100584
USER	Modelo Abierto | Disminucion de usuarios	START	1742059100626
REQUEST		get model	1742059100315	1742059100661	OK	 
USER	Modelo Cerrado | Usuarios concurrentes por segundo	END	1742059100662
USER	Modelo Cerrado | Usuarios concurrentes por segundo	START	1742059100662
REQUEST		get model	1742059100343	1742059100693	OK	 
USER	Modelo Cerrado | Usuarios concurrentes por segundo	END	1742059100695
USER	Modelo Cerrado | Usuarios concurrentes por segundo	START	1742059100695
REQUEST		get model	1742059100315	1742059100706	OK	 
USER	Modelo Cerrado | Aumento de usuarios concurrentes	END	1742059100707
USER	Modelo Cerrado | Aumento de usuarios concurrentes	START	1742059100707
REQUEST		get model	1742059100388	1742059100726	OK	 
USER	Modelo Cerrado | Usuarios concurrentes por segundo	END	1742059100727
USER	Modelo Cerrado | Usuarios concurrentes por segundo	START	1742059100727
USER	Modelo Abierto | Usuarios constantes por segundo	START	1742059100758
REQUEST		get model	1742059100425	1742059100763	OK	 
REQUEST		get model	1742059100426	1742059100763	OK	 
USER	Modelo Abierto | Usuarios constantes por segundo	END	1742059100764
USER	Modelo Abierto | Disminucion de usuarios	END	1742059100765
REQUEST		get model	1742059100436	1742059100792	OK	 
USER	Modelo Cerrado | Aumento de usuarios concurrentes	END	1742059100793
USER	Modelo Cerrado | Aumento de usuarios concurrentes	START	1742059100793
REQUEST		get model	1742059100457	1742059100798	OK	 
USER	Modelo Cerrado | Aumento de usuarios concurrentes	END	1742059100799
USER	Modelo Cerrado | Aumento de usuarios concurrentes	START	1742059100799
REQUEST		get model	1742059100456	1742059100809	OK	 
USER	Modelo Cerrado | Aumento de usuarios concurrentes	END	1742059100810
USER	Modelo Cerrado | Aumento de usuarios concurrentes	START	1742059100811
USER	Modelo Abierto | Disminucion de usuarios	START	1742059100828
REQUEST		get model	1742059100585	1742059100927	OK	 
REQUEST		get model	1742059100563	1742059100926	OK	 
USER	Modelo Cerrado | Usuarios concurrentes por segundo	END	1742059100928
USER	Modelo Cerrado | Usuarios concurrentes por segundo	START	1742059100928
USER	Modelo Cerrado | Usuarios concurrentes por segundo	END	1742059100929
USER	Modelo Cerrado | Usuarios concurrentes por segundo	START	1742059100929
REQUEST		get model	1742059100626	1742059100969	OK	 
USER	Modelo Abierto | Disminucion de usuarios	END	1742059100970
REQUEST		get model	1742059100663	1742059101007	OK	 
USER	Modelo Cerrado | Usuarios concurrentes por segundo	END	1742059101008
USER	Modelo Cerrado | Usuarios concurrentes por segundo	START	1742059101008
USER	Modelo Abierto | Disminucion de usuarios	START	1742059101027
REQUEST		get model	1742059100695	1742059101051	OK	 
USER	Modelo Cerrado | Usuarios concurrentes por segundo	END	1742059101053
USER	Modelo Cerrado | Usuarios concurrentes por segundo	START	1742059101053
REQUEST		get model	1742059100708	1742059101058	OK	 
USER	Modelo Cerrado | Aumento de usuarios concurrentes	END	1742059101061
USER	Modelo Cerrado | Aumento de usuarios concurrentes	START	1742059101061
REQUEST		get model	1742059100727	1742059101066	OK	 
USER	Modelo Cerrado | Usuarios concurrentes por segundo	END	1742059101068
USER	Modelo Cerrado | Usuarios concurrentes por segundo	START	1742059101068
USER	Modelo Abierto | Usuarios constantes por segundo	START	1742059101092
REQUEST		get model	1742059100799	1742059101134	OK	 
USER	Modelo Cerrado | Aumento de usuarios concurrentes	END	1742059101135
USER	Modelo Cerrado | Aumento de usuarios concurrentes	START	1742059101135
REQUEST		get model	1742059100794	1742059101145	OK	 
USER	Modelo Cerrado | Aumento de usuarios concurrentes	END	1742059101146
USER	Modelo Cerrado | Aumento de usuarios concurrentes	START	1742059101146
REQUEST		get model	1742059100811	1742059101150	OK	 
USER	Modelo Cerrado | Aumento de usuarios concurrentes	END	1742059101152
USER	Modelo Cerrado | Aumento de usuarios concurrentes	START	1742059101152
REQUEST		get model	1742059100828	1742059101166	OK	 
USER	Modelo Abierto | Disminucion de usuarios	END	1742059101167
REQUEST		get model	1742059100759	1742059101192	OK	 
USER	Modelo Abierto | Usuarios constantes por segundo	END	1742059101194
USER	Modelo Abierto | Disminucion de usuarios	START	1742059101227
REQUEST		get model	1742059100928	1742059101284	OK	 
USER	Modelo Cerrado | Usuarios concurrentes por segundo	END	1742059101286
USER	Modelo Cerrado | Usuarios concurrentes por segundo	START	1742059101286
REQUEST		get model	1742059100929	1742059101296	OK	 
USER	Modelo Cerrado | Usuarios concurrentes por segundo	END	1742059101298
USER	Modelo Cerrado | Usuarios concurrentes por segundo	START	1742059101298
REQUEST		get model	1742059101008	1742059101351	OK	 
USER	Modelo Cerrado | Usuarios concurrentes por segundo	END	1742059101353
USER	Modelo Cerrado | Usuarios concurrentes por segundo	START	1742059101353
REQUEST		get model	1742059101027	1742059101373	OK	 
USER	Modelo Abierto | Disminucion de usuarios	END	1742059101374
REQUEST		get model	1742059101053	1742059101400	OK	 
USER	Modelo Cerrado | Usuarios concurrentes por segundo	END	1742059101401
USER	Modelo Cerrado | Usuarios concurrentes por segundo	START	1742059101401
REQUEST		get model	1742059101061	1742059101406	OK	 
REQUEST		get model	1742059101068	1742059101410	OK	 
USER	Modelo Cerrado | Aumento de usuarios concurrentes	END	1742059101422
USER	Modelo Cerrado | Aumento de usuarios concurrentes	START	1742059101422
USER	Modelo Cerrado | Usuarios concurrentes por segundo	END	1742059101422
USER	Modelo Cerrado | Usuarios concurrentes por segundo	START	1742059101422
USER	Modelo Abierto | Disminucion de usuarios	START	1742059101426
REQUEST		get model	1742059101092	1742059101438	OK	 
USER	Modelo Abierto | Usuarios constantes por segundo	END	1742059101439
REQUEST		get model	1742059101135	1742059101479	OK	 
USER	Modelo Cerrado | Aumento de usuarios concurrentes	END	1742059101480
USER	Modelo Cerrado | Aumento de usuarios concurrentes	START	1742059101480
REQUEST		get model	1742059101152	1742059101494	OK	 
USER	Modelo Cerrado | Aumento de usuarios concurrentes	END	1742059101495
USER	Modelo Cerrado | Aumento de usuarios concurrentes	START	1742059101495
REQUEST		get model	1742059101147	1742059101498	OK	 
USER	Modelo Cerrado | Aumento de usuarios concurrentes	END	1742059101499
USER	Modelo Cerrado | Aumento de usuarios concurrentes	START	1742059101499
REQUEST		get model	1742059101227	1742059101567	OK	 
USER	Modelo Abierto | Disminucion de usuarios	END	1742059101568
REQUEST		get model	1742059101287	1742059101633	OK	 
USER	Modelo Cerrado | Usuarios concurrentes por segundo	END	1742059101634
USER	Modelo Cerrado | Usuarios concurrentes por segundo	START	1742059101634
REQUEST		get model	1742059101298	1742059101663	OK	 
USER	Modelo Cerrado | Usuarios concurrentes por segundo	END	1742059101664
USER	Modelo Cerrado | Usuarios concurrentes por segundo	START	1742059101664
USER	Modelo Abierto | Disminucion de usuarios	START	1742059101675
REQUEST		get model	1742059101353	1742059101688	OK	 
USER	Modelo Cerrado | Usuarios concurrentes por segundo	END	1742059101689
USER	Modelo Cerrado | Usuarios concurrentes por segundo	START	1742059101689
REQUEST		get model	1742059101401	1742059101748	OK	 
USER	Modelo Cerrado | Usuarios concurrentes por segundo	END	1742059101749
USER	Modelo Cerrado | Usuarios concurrentes por segundo	START	1742059101749
REQUEST		get model	1742059101422	1742059101760	OK	 
USER	Modelo Cerrado | Usuarios concurrentes por segundo	END	1742059101761
USER	Modelo Cerrado | Usuarios concurrentes por segundo	START	1742059101761
REQUEST		get model	1742059101422	1742059101768	OK	 
USER	Modelo Cerrado | Aumento de usuarios concurrentes	END	1742059101769
USER	Modelo Cerrado | Aumento de usuarios concurrentes	START	1742059101769
REQUEST		get model	1742059101426	1742059101778	OK	 
USER	Modelo Abierto | Disminucion de usuarios	END	1742059101778
REQUEST		get model	1742059101480	1742059101830	OK	 
USER	Modelo Cerrado | Aumento de usuarios concurrentes	END	1742059101832
USER	Modelo Cerrado | Aumento de usuarios concurrentes	START	1742059101832
REQUEST		get model	1742059101496	1742059101836	OK	 
USER	Modelo Cerrado | Aumento de usuarios concurrentes	END	1742059101838
USER	Modelo Cerrado | Aumento de usuarios concurrentes	START	1742059101838
REQUEST		get model	1742059101499	1742059101851	OK	 
USER	Modelo Cerrado | Aumento de usuarios concurrentes	END	1742059101853
USER	Modelo Cerrado | Aumento de usuarios concurrentes	START	1742059101853
USER	Modelo Abierto | Disminucion de usuarios	START	1742059101925
REQUEST		get model	1742059101634	1742059101978	OK	 
REQUEST		get model	1742059101664	1742059102003	OK	 
REQUEST		get model	1742059101675	1742059102025	OK	 
REQUEST		get model	1742059101690	1742059102040	OK	 
USER	Modelo Cerrado | Usuarios concurrentes por segundo	END	1742059102051
USER	Modelo Cerrado | Usuarios concurrentes por segundo	START	1742059102051
USER	Modelo Abierto | Disminucion de usuarios	END	1742059102051
USER	Modelo Cerrado | Usuarios concurrentes por segundo	END	1742059102052
USER	Modelo Cerrado | Usuarios concurrentes por segundo	START	1742059102053
USER	Modelo Cerrado | Usuarios concurrentes por segundo	END	1742059102054
USER	Modelo Cerrado | Usuarios concurrentes por segundo	START	1742059102054
REQUEST		get model	1742059101749	1742059102090	OK	 
USER	Modelo Cerrado | Usuarios concurrentes por segundo	END	1742059102092
USER	Modelo Cerrado | Usuarios concurrentes por segundo	START	1742059102092
REQUEST		get model	1742059101761	1742059102101	OK	 
USER	Modelo Cerrado | Usuarios concurrentes por segundo	END	1742059102103
USER	Modelo Cerrado | Usuarios concurrentes por segundo	START	1742059102103
REQUEST		get model	1742059101770	1742059102156	OK	 
USER	Modelo Cerrado | Aumento de usuarios concurrentes	END	1742059102157
USER	Modelo Cerrado | Aumento de usuarios concurrentes	START	1742059102158
REQUEST		get model	1742059101832	1742059102173	OK	 
USER	Modelo Cerrado | Aumento de usuarios concurrentes	END	1742059102174
USER	Modelo Cerrado | Aumento de usuarios concurrentes	START	1742059102174
USER	Modelo Abierto | Disminucion de usuarios	START	1742059102174
REQUEST		get model	1742059101838	1742059102178	OK	 
USER	Modelo Cerrado | Aumento de usuarios concurrentes	END	1742059102179
USER	Modelo Cerrado | Aumento de usuarios concurrentes	START	1742059102179
REQUEST		get model	1742059101853	1742059102217	OK	 
USER	Modelo Cerrado | Aumento de usuarios concurrentes	END	1742059102218
USER	Modelo Cerrado | Aumento de usuarios concurrentes	START	1742059102218
REQUEST		get model	1742059101925	1742059102267	OK	 
USER	Modelo Abierto | Disminucion de usuarios	END	1742059102268
REQUEST		get model	1742059102055	1742059102387	OK	 
USER	Modelo Cerrado | Usuarios concurrentes por segundo	END	1742059102388
USER	Modelo Cerrado | Usuarios concurrentes por segundo	START	1742059102389
REQUEST		get model	1742059102051	1742059102390	OK	 
USER	Modelo Cerrado | Usuarios concurrentes por segundo	END	1742059102391
USER	Modelo Cerrado | Usuarios concurrentes por segundo	START	1742059102392
REQUEST		get model	1742059102053	1742059102397	OK	 
USER	Modelo Cerrado | Usuarios concurrentes por segundo	END	1742059102398
USER	Modelo Cerrado | Usuarios concurrentes por segundo	START	1742059102398
USER	Modelo Abierto | Disminucion de usuarios	START	1742059102424
REQUEST		get model	1742059102092	1742059102430	OK	 
USER	Modelo Cerrado | Usuarios concurrentes por segundo	END	1742059102431
USER	Modelo Cerrado | Usuarios concurrentes por segundo	START	1742059102431
USER	Modelo Cerrado | Aumento de usuarios concurrentes	START	1742059102434
REQUEST		get model	1742059102104	1742059102446	OK	 
USER	Modelo Cerrado | Usuarios concurrentes por segundo	END	1742059102447
REQUEST		get model	1742059102158	1742059102508	OK	 
REQUEST		get model	1742059102174	1742059102508	OK	 
USER	Modelo Cerrado | Aumento de usuarios concurrentes	END	1742059102510
USER	Modelo Cerrado | Aumento de usuarios concurrentes	START	1742059102510
USER	Modelo Abierto | Disminucion de usuarios	END	1742059102511
REQUEST		get model	1742059102174	1742059102512	OK	 
USER	Modelo Cerrado | Aumento de usuarios concurrentes	END	1742059102513
USER	Modelo Cerrado | Aumento de usuarios concurrentes	START	1742059102513
REQUEST		get model	1742059102179	1742059102516	OK	 
USER	Modelo Cerrado | Aumento de usuarios concurrentes	END	1742059102517
USER	Modelo Cerrado | Aumento de usuarios concurrentes	START	1742059102517
REQUEST		get model	1742059102218	1742059102569	OK	 
USER	Modelo Cerrado | Aumento de usuarios concurrentes	END	1742059102571
USER	Modelo Cerrado | Aumento de usuarios concurrentes	START	1742059102571
USER	Modelo Abierto | Disminucion de usuarios	START	1742059102674
REQUEST		get model	1742059102389	1742059102727	OK	 
USER	Modelo Cerrado | Usuarios concurrentes por segundo	END	1742059102729
REQUEST		get model	1742059102392	1742059102740	OK	 
USER	Modelo Cerrado | Usuarios concurrentes por segundo	END	1742059102741
REQUEST		get model	1742059102398	1742059102743	OK	 
USER	Modelo Cerrado | Usuarios concurrentes por segundo	END	1742059102744
REQUEST		get model	1742059102434	1742059102765	OK	 
USER	Modelo Cerrado | Aumento de usuarios concurrentes	END	1742059102766
USER	Modelo Cerrado | Aumento de usuarios concurrentes	START	1742059102766
REQUEST		get model	1742059102424	1742059102768	OK	 
USER	Modelo Abierto | Disminucion de usuarios	END	1742059102769
REQUEST		get model	1742059102431	1742059102769	OK	 
USER	Modelo Cerrado | Usuarios concurrentes por segundo	END	1742059102770
REQUEST		get model	1742059102514	1742059102851	OK	 
USER	Modelo Cerrado | Aumento de usuarios concurrentes	END	1742059102853
USER	Modelo Cerrado | Aumento de usuarios concurrentes	START	1742059102853
REQUEST		get model	1742059102510	1742059102854	OK	 
USER	Modelo Cerrado | Aumento de usuarios concurrentes	END	1742059102855
USER	Modelo Cerrado | Aumento de usuarios concurrentes	START	1742059102855
REQUEST		get model	1742059102518	1742059102862	OK	 
USER	Modelo Cerrado | Aumento de usuarios concurrentes	END	1742059102863
USER	Modelo Cerrado | Aumento de usuarios concurrentes	START	1742059102863
USER	Modelo Abierto | Disminucion de usuarios	START	1742059102924
REQUEST		get model	1742059102571	1742059102957	OK	 
USER	Modelo Cerrado | Aumento de usuarios concurrentes	END	1742059102958
USER	Modelo Cerrado | Aumento de usuarios concurrentes	START	1742059102958
REQUEST		get model	1742059102674	1742059103011	OK	 
USER	Modelo Abierto | Disminucion de usuarios	END	1742059103013
REQUEST		get model	1742059102768	1742059103114	OK	 
USER	Modelo Cerrado | Aumento de usuarios concurrentes	END	1742059103115
USER	Modelo Cerrado | Aumento de usuarios concurrentes	START	1742059103115
USER	Modelo Abierto | Disminucion de usuarios	START	1742059103174
REQUEST		get model	1742059102853	1742059103188	OK	 
USER	Modelo Cerrado | Aumento de usuarios concurrentes	END	1742059103190
USER	Modelo Cerrado | Aumento de usuarios concurrentes	START	1742059103190
REQUEST		get model	1742059102863	1742059103201	OK	 
USER	Modelo Cerrado | Aumento de usuarios concurrentes	END	1742059103202
USER	Modelo Cerrado | Aumento de usuarios concurrentes	START	1742059103202
REQUEST		get model	1742059102856	1742059103204	OK	 
USER	Modelo Cerrado | Aumento de usuarios concurrentes	END	1742059103205
USER	Modelo Cerrado | Aumento de usuarios concurrentes	START	1742059103206
REQUEST		get model	1742059102924	1742059103277	OK	 
USER	Modelo Abierto | Disminucion de usuarios	END	1742059103278
REQUEST		get model	1742059102959	1742059103290	OK	 
USER	Modelo Cerrado | Aumento de usuarios concurrentes	END	1742059103291
USER	Modelo Cerrado | Aumento de usuarios concurrentes	START	1742059103291
USER	Modelo Abierto | Disminucion de usuarios	START	1742059103424
USER	Modelo Cerrado | Aumento de usuarios concurrentes	START	1742059103434
REQUEST		get model	1742059103116	1742059103451	OK	 
USER	Modelo Cerrado | Aumento de usuarios concurrentes	END	1742059103453
USER	Modelo Cerrado | Aumento de usuarios concurrentes	START	1742059103453
REQUEST		get model	1742059103175	1742059103519	OK	 
USER	Modelo Abierto | Disminucion de usuarios	END	1742059103520
REQUEST		get model	1742059103190	1742059103535	OK	 
USER	Modelo Cerrado | Aumento de usuarios concurrentes	END	1742059103537
USER	Modelo Cerrado | Aumento de usuarios concurrentes	START	1742059103537
REQUEST		get model	1742059103206	1742059103557	OK	 
USER	Modelo Cerrado | Aumento de usuarios concurrentes	END	1742059103558
USER	Modelo Cerrado | Aumento de usuarios concurrentes	START	1742059103559
REQUEST		get model	1742059103203	1742059103606	OK	 
USER	Modelo Cerrado | Aumento de usuarios concurrentes	END	1742059103609
USER	Modelo Cerrado | Aumento de usuarios concurrentes	START	1742059103609
REQUEST		get model	1742059103291	1742059103671	OK	 
USER	Modelo Cerrado | Aumento de usuarios concurrentes	END	1742059103673
USER	Modelo Cerrado | Aumento de usuarios concurrentes	START	1742059103673
USER	Modelo Abierto | Disminucion de usuarios	START	1742059103674
REQUEST		get model	1742059103435	1742059103830	OK	 
REQUEST		get model	1742059103453	1742059103830	OK	 
REQUEST		get model	1742059103424	1742059103830	OK	 
USER	Modelo Cerrado | Aumento de usuarios concurrentes	END	1742059103844
USER	Modelo Cerrado | Aumento de usuarios concurrentes	START	1742059103844
USER	Modelo Cerrado | Aumento de usuarios concurrentes	END	1742059103844
USER	Modelo Cerrado | Aumento de usuarios concurrentes	START	1742059103844
USER	Modelo Abierto | Disminucion de usuarios	END	1742059103845
REQUEST		get model	1742059103537	1742059103876	OK	 
USER	Modelo Cerrado | Aumento de usuarios concurrentes	END	1742059103878
USER	Modelo Cerrado | Aumento de usuarios concurrentes	START	1742059103878
REQUEST		get model	1742059103559	1742059103890	OK	 
USER	Modelo Cerrado | Aumento de usuarios concurrentes	END	1742059103893
USER	Modelo Cerrado | Aumento de usuarios concurrentes	START	1742059103893
USER	Modelo Abierto | Disminucion de usuarios	START	1742059103925
REQUEST		get model	1742059103609	1742059103999	OK	 
REQUEST		get model	1742059103675	1742059104039	OK	 
REQUEST		get model	1742059103673	1742059104050	OK	 
USER	Modelo Cerrado | Aumento de usuarios concurrentes	END	1742059104053
USER	Modelo Cerrado | Aumento de usuarios concurrentes	START	1742059104053
USER	Modelo Abierto | Disminucion de usuarios	END	1742059104055
USER	Modelo Cerrado | Aumento de usuarios concurrentes	END	1742059104056
USER	Modelo Cerrado | Aumento de usuarios concurrentes	START	1742059104056
USER	Modelo Abierto | Disminucion de usuarios	START	1742059104174
REQUEST		get model	1742059103844	1742059104194	OK	 
USER	Modelo Cerrado | Aumento de usuarios concurrentes	END	1742059104195
USER	Modelo Cerrado | Aumento de usuarios concurrentes	START	1742059104195
REQUEST		get model	1742059103844	1742059104201	OK	 
USER	Modelo Cerrado | Aumento de usuarios concurrentes	END	1742059104203
USER	Modelo Cerrado | Aumento de usuarios concurrentes	START	1742059104203
REQUEST		get model	1742059103878	1742059104238	OK	 
REQUEST		get model	1742059103893	1742059104238	OK	 
USER	Modelo Cerrado | Aumento de usuarios concurrentes	END	1742059104239
USER	Modelo Cerrado | Aumento de usuarios concurrentes	START	1742059104239
USER	Modelo Cerrado | Aumento de usuarios concurrentes	END	1742059104240
USER	Modelo Cerrado | Aumento de usuarios concurrentes	START	1742059104240
REQUEST		get model	1742059103926	1742059104270	OK	 
USER	Modelo Abierto | Disminucion de usuarios	END	1742059104271
REQUEST		get model	1742059104054	1742059104395	OK	 
USER	Modelo Cerrado | Aumento de usuarios concurrentes	END	1742059104397
USER	Modelo Cerrado | Aumento de usuarios concurrentes	START	1742059104397
REQUEST		get model	1742059104057	1742059104398	OK	 
USER	Modelo Cerrado | Aumento de usuarios concurrentes	END	1742059104399
USER	Modelo Cerrado | Aumento de usuarios concurrentes	START	1742059104399
USER	Modelo Abierto | Disminucion de usuarios	START	1742059104425
REQUEST		get model	1742059104175	1742059104506	OK	 
USER	Modelo Abierto | Disminucion de usuarios	END	1742059104507
REQUEST		get model	1742059104196	1742059104535	OK	 
USER	Modelo Cerrado | Aumento de usuarios concurrentes	END	1742059104536
REQUEST		get model	1742059104203	1742059104546	OK	 
USER	Modelo Cerrado | Aumento de usuarios concurrentes	END	1742059104548
REQUEST		get model	1742059104240	1742059104580	OK	 
REQUEST		get model	1742059104240	1742059104580	OK	 
USER	Modelo Cerrado | Aumento de usuarios concurrentes	END	1742059104582
USER	Modelo Cerrado | Aumento de usuarios concurrentes	END	1742059104582
REQUEST		get model	1742059104397	1742059104734	OK	 
USER	Modelo Cerrado | Aumento de usuarios concurrentes	END	1742059104735
REQUEST		get model	1742059104399	1742059104740	OK	 
USER	Modelo Cerrado | Aumento de usuarios concurrentes	END	1742059104741
USER	Modelo Abierto | Disminucion de usuarios	START	1742059104758
REQUEST		get model	1742059104426	1742059104762	OK	 
USER	Modelo Abierto | Disminucion de usuarios	END	1742059104763
USER	Modelo Abierto | Disminucion de usuarios	START	1742059105091
REQUEST		get model	1742059104758	1742059105091	OK	 
USER	Modelo Abierto | Disminucion de usuarios	END	1742059105092
USER	Modelo Abierto | Disminucion de usuarios	START	1742059105425
REQUEST		get model	1742059105091	1742059105437	OK	 
USER	Modelo Abierto | Disminucion de usuarios	END	1742059105438
USER	Modelo Abierto | Disminucion de usuarios	START	1742059105758
REQUEST		get model	1742059105425	1742059105766	OK	 
USER	Modelo Abierto | Disminucion de usuarios	END	1742059105768
USER	Modelo Abierto | Disminucion de usuarios	START	1742059106091
REQUEST		get model	1742059105758	1742059106101	OK	 
USER	Modelo Abierto | Disminucion de usuarios	END	1742059106103
USER	Modelo Abierto | Disminucion de usuarios	START	1742059106425
REQUEST		get model	1742059106091	1742059106428	OK	 
USER	Modelo Abierto | Disminucion de usuarios	END	1742059106429
USER	Modelo Abierto | Disminucion de usuarios	START	1742059106758
REQUEST		get model	1742059106425	1742059106765	OK	 
USER	Modelo Abierto | Disminucion de usuarios	END	1742059106767
USER	Modelo Abierto | Disminucion de usuarios	START	1742059107091
REQUEST		get model	1742059106759	1742059107101	OK	 
USER	Modelo Abierto | Disminucion de usuarios	END	1742059107103
USER	Modelo Abierto | Disminucion de usuarios	START	1742059107425
REQUEST		get model	1742059107092	1742059107428	OK	 
USER	Modelo Abierto | Disminucion de usuarios	END	1742059107430
REQUEST		get model	1742059107426	1742059107772	OK	 
USER	Modelo Abierto | Disminucion de usuarios	END	1742059107774
USER	Modelo Abierto | Disminucion de usuarios	START	1742059107925
REQUEST		get model	1742059107925	1742059108273	OK	 
USER	Modelo Abierto | Disminucion de usuarios	END	1742059108279
USER	Modelo Abierto | Disminucion de usuarios	START	1742059108425
USER	Modelo Abierto | Disminucion de usuarios	START	1742059108757
REQUEST		get model	1742059108425	1742059108769	OK	 
USER	Modelo Abierto | Disminucion de usuarios	END	1742059108772
USER	Modelo Abierto | Disminucion de usuarios	START	1742059109090
REQUEST		get model	1742059108758	1742059109120	OK	 
USER	Modelo Abierto | Disminucion de usuarios	END	1742059109122
REQUEST		get model	1742059109091	1742059109442	OK	 
USER	Modelo Abierto | Disminucion de usuarios	END	1742059109444
