RUN	apiKata.getProducts.GetProductsSuccess	getproductssuccess	1742184420024	 	3.11.5
USER	Modelo Abierto | Disminucion de usuarios	START	1742184422108
USER	Modelo Cerrado | Aumento de usuarios concurrentes	START	1742184422108
USER	Modelo Abierto | Usuarios constantes por segundo	START	1742184422112
USER	Modelo Cerrado | Usuarios concurrentes por segundo	START	1742184422113
USER	Modelo Abierto | Usuarios fijos al mismo tiempo	START	1742184422113
USER	Modelo Abierto | Usuarios fijos al mismo tiempo	START	1742184422113
USER	Modelo Abierto | Usuarios fijos al mismo tiempo	START	1742184422128
USER	Modelo Cerrado | Usuarios concurrentes por segundo	START	1742184422314
USER	Modelo Abierto | Disminucion de usuarios	START	1742184422351
USER	Modelo Abierto | Usuarios constantes por segundo	START	1742184422434
USER	Modelo Cerrado | Aumento de usuarios concurrentes	START	1742184422441
USER	Modelo Cerrado | Usuarios concurrentes por segundo	START	1742184422514
USER	Modelo Abierto | Disminucion de usuarios	START	1742184422602
USER	Modelo Cerrado | Usuarios concurrentes por segundo	START	1742184422715
USER	Modelo Abierto | Usuarios constantes por segundo	START	1742184422768
USER	Modelo Cerrado | Aumento de usuarios concurrentes	START	1742184422775
USER	Modelo Abierto | Disminucion de usuarios	START	1742184422853
USER	Modelo Cerrado | Usuarios concurrentes por segundo	START	1742184422914
REQUEST		get model	1742184422125	1742184423016	OK	 
REQUEST		get model	1742184422125	1742184423016	OK	 
REQUEST		get model	1742184422125	1742184423016	OK	 
REQUEST		get model	1742184422125	1742184423016	OK	 
USER	Modelo Abierto | Usuarios fijos al mismo tiempo	END	1742184423031
USER	Modelo Abierto | Usuarios constantes por segundo	END	1742184423031
USER	Modelo Cerrado | Aumento de usuarios concurrentes	END	1742184423033
USER	Modelo Abierto | Disminucion de usuarios	END	1742184423034
USER	Modelo Cerrado | Aumento de usuarios concurrentes	START	1742184423034
REQUEST		get model	1742184422125	1742184423059	OK	 
REQUEST		get model	1742184422129	1742184423060	OK	 
USER	Modelo Abierto | Usuarios fijos al mismo tiempo	END	1742184423062
USER	Modelo Abierto | Usuarios fijos al mismo tiempo	END	1742184423064
REQUEST		get model	1742184422125	1742184423095	OK	 
REQUEST		get model	1742184422315	1742184423096	OK	 
USER	Modelo Cerrado | Usuarios concurrentes por segundo	END	1742184423098
USER	Modelo Cerrado | Usuarios concurrentes por segundo	START	1742184423098
USER	Modelo Cerrado | Usuarios concurrentes por segundo	END	1742184423099
USER	Modelo Cerrado | Usuarios concurrentes por segundo	START	1742184423099
USER	Modelo Abierto | Usuarios constantes por segundo	START	1742184423102
USER	Modelo Abierto | Disminucion de usuarios	START	1742184423102
USER	Modelo Cerrado | Aumento de usuarios concurrentes	START	1742184423111
REQUEST		get model	1742184422441	1742184423170	OK	 
USER	Modelo Cerrado | Aumento de usuarios concurrentes	END	1742184423172
USER	Modelo Cerrado | Aumento de usuarios concurrentes	START	1742184423172
REQUEST		get model	1742184422515	1742184423203	OK	 
USER	Modelo Cerrado | Usuarios concurrentes por segundo	END	1742184423205
USER	Modelo Cerrado | Usuarios concurrentes por segundo	START	1742184423205
REQUEST		get model	1742184422352	1742184423280	OK	 
USER	Modelo Abierto | Disminucion de usuarios	END	1742184423282
USER	Modelo Abierto | Disminucion de usuarios	START	1742184423303
REQUEST		get model	1742184422435	1742184423334	OK	 
USER	Modelo Abierto | Usuarios constantes por segundo	END	1742184423337
REQUEST		get model	1742184422603	1742184423426	OK	 
USER	Modelo Abierto | Disminucion de usuarios	END	1742184423428
USER	Modelo Abierto | Usuarios constantes por segundo	START	1742184423434
REQUEST		get model	1742184422717	1742184423442	OK	 
USER	Modelo Cerrado | Usuarios concurrentes por segundo	END	1742184423444
USER	Modelo Cerrado | Usuarios concurrentes por segundo	START	1742184423444
REQUEST		get model	1742184422775	1742184423456	OK	 
USER	Modelo Cerrado | Aumento de usuarios concurrentes	END	1742184423458
USER	Modelo Cerrado | Aumento de usuarios concurrentes	START	1742184423458
REQUEST		get model	1742184422768	1742184423464	OK	 
USER	Modelo Abierto | Usuarios constantes por segundo	END	1742184423466
USER	Modelo Abierto | Disminucion de usuarios	START	1742184423504
REQUEST		get model	1742184422853	1742184423550	OK	 
USER	Modelo Abierto | Disminucion de usuarios	END	1742184423553
REQUEST		get model	1742184422914	1742184423611	OK	 
USER	Modelo Cerrado | Usuarios concurrentes por segundo	END	1742184423651
USER	Modelo Cerrado | Usuarios concurrentes por segundo	START	1742184423651
USER	Modelo Abierto | Disminucion de usuarios	START	1742184423703
REQUEST		get model	1742184423035	1742184423742	OK	 
USER	Modelo Cerrado | Aumento de usuarios concurrentes	END	1742184423744
USER	Modelo Cerrado | Aumento de usuarios concurrentes	START	1742184423744
USER	Modelo Abierto | Usuarios constantes por segundo	START	1742184423768
REQUEST		get model	1742184423099	1742184423787	OK	 
USER	Modelo Cerrado | Usuarios concurrentes por segundo	END	1742184423789
USER	Modelo Cerrado | Usuarios concurrentes por segundo	START	1742184423789
REQUEST		get model	1742184423098	1742184423793	OK	 
USER	Modelo Cerrado | Usuarios concurrentes por segundo	END	1742184423795
USER	Modelo Cerrado | Usuarios concurrentes por segundo	START	1742184423795
REQUEST		get model	1742184423111	1742184423851	OK	 
USER	Modelo Cerrado | Aumento de usuarios concurrentes	END	1742184423852
USER	Modelo Cerrado | Aumento de usuarios concurrentes	START	1742184423852
REQUEST		get model	1742184423173	1742184423856	OK	 
USER	Modelo Cerrado | Aumento de usuarios concurrentes	END	1742184423857
USER	Modelo Cerrado | Aumento de usuarios concurrentes	START	1742184423857
USER	Modelo Abierto | Disminucion de usuarios	START	1742184423904
REQUEST		get model	1742184423303	1742184424023	OK	 
REQUEST		get model	1742184423102	1742184424023	OK	 
USER	Modelo Abierto | Disminucion de usuarios	END	1742184424025
USER	Modelo Abierto | Disminucion de usuarios	END	1742184424026
REQUEST		get model	1742184423205	1742184424029	OK	 
REQUEST		get model	1742184423102	1742184424029	OK	 
USER	Modelo Cerrado | Usuarios concurrentes por segundo	END	1742184424030
USER	Modelo Cerrado | Usuarios concurrentes por segundo	START	1742184424030
USER	Modelo Abierto | Usuarios constantes por segundo	END	1742184424031
USER	Modelo Abierto | Disminucion de usuarios	START	1742184424104
REQUEST		get model	1742184423458	1742184424154	OK	 
USER	Modelo Cerrado | Aumento de usuarios concurrentes	END	1742184424155
USER	Modelo Cerrado | Aumento de usuarios concurrentes	START	1742184424155
REQUEST		get model	1742184423504	1742184424191	OK	 
USER	Modelo Abierto | Disminucion de usuarios	END	1742184424192
REQUEST		get model	1742184423444	1742184424262	OK	 
USER	Modelo Cerrado | Usuarios concurrentes por segundo	END	1742184424264
USER	Modelo Cerrado | Usuarios concurrentes por segundo	START	1742184424264
REQUEST		get model	1742184423435	1742184424274	OK	 
USER	Modelo Abierto | Usuarios constantes por segundo	END	1742184424275
REQUEST		get model	1742184423652	1742184424348	OK	 
USER	Modelo Cerrado | Usuarios concurrentes por segundo	END	1742184424349
USER	Modelo Cerrado | Usuarios concurrentes por segundo	START	1742184424350
USER	Modelo Abierto | Disminucion de usuarios	START	1742184424351
REQUEST		get model	1742184423703	1742184424413	OK	 
USER	Modelo Abierto | Disminucion de usuarios	END	1742184424414
REQUEST		get model	1742184423744	1742184424440	OK	 
USER	Modelo Cerrado | Aumento de usuarios concurrentes	END	1742184424441
USER	Modelo Cerrado | Aumento de usuarios concurrentes	START	1742184424441
REQUEST		get model	1742184423768	1742184424461	OK	 
USER	Modelo Abierto | Usuarios constantes por segundo	END	1742184424462
REQUEST		get model	1742184423789	1742184424472	OK	 
REQUEST		get model	1742184423795	1742184424473	OK	 
USER	Modelo Cerrado | Usuarios concurrentes por segundo	END	1742184424473
USER	Modelo Cerrado | Usuarios concurrentes por segundo	START	1742184424474
USER	Modelo Cerrado | Usuarios concurrentes por segundo	END	1742184424474
USER	Modelo Cerrado | Usuarios concurrentes por segundo	START	1742184424474
REQUEST		get model	1742184423857	1742184424534	OK	 
USER	Modelo Cerrado | Aumento de usuarios concurrentes	END	1742184424535
USER	Modelo Cerrado | Aumento de usuarios concurrentes	START	1742184424536
REQUEST		get model	1742184423904	1742184424587	OK	 
USER	Modelo Abierto | Disminucion de usuarios	END	1742184424588
USER	Modelo Abierto | Disminucion de usuarios	START	1742184424602
REQUEST		get model	1742184423852	1742184424648	OK	 
USER	Modelo Cerrado | Aumento de usuarios concurrentes	END	1742184424649
USER	Modelo Cerrado | Aumento de usuarios concurrentes	START	1742184424649
REQUEST		get model	1742184424031	1742184424714	OK	 
USER	Modelo Cerrado | Usuarios concurrentes por segundo	END	1742184424716
USER	Modelo Cerrado | Usuarios concurrentes por segundo	START	1742184424716
REQUEST		get model	1742184424104	1742184424799	OK	 
USER	Modelo Abierto | Disminucion de usuarios	END	1742184424801
REQUEST		get model	1742184424156	1742184424844	OK	 
USER	Modelo Cerrado | Aumento de usuarios concurrentes	END	1742184424845
USER	Modelo Cerrado | Aumento de usuarios concurrentes	START	1742184424845
USER	Modelo Abierto | Disminucion de usuarios	START	1742184424852
REQUEST		get model	1742184424264	1742184424962	OK	 
USER	Modelo Cerrado | Usuarios concurrentes por segundo	END	1742184424963
USER	Modelo Cerrado | Usuarios concurrentes por segundo	START	1742184424963
REQUEST		get model	1742184424350	1742184425031	OK	 
USER	Modelo Cerrado | Usuarios concurrentes por segundo	END	1742184425032
USER	Modelo Cerrado | Usuarios concurrentes por segundo	START	1742184425032
REQUEST		get model	1742184424351	1742184425043	OK	 
USER	Modelo Abierto | Disminucion de usuarios	END	1742184425045
USER	Modelo Abierto | Disminucion de usuarios	START	1742184425101
USER	Modelo Cerrado | Aumento de usuarios concurrentes	START	1742184425111
REQUEST		get model	1742184424474	1742184425162	OK	 
USER	Modelo Cerrado | Usuarios concurrentes por segundo	END	1742184425164
REQUEST		get model	1742184424474	1742184425208	OK	 
USER	Modelo Cerrado | Usuarios concurrentes por segundo	END	1742184425210
REQUEST		get model	1742184424536	1742184425226	OK	 
USER	Modelo Cerrado | Aumento de usuarios concurrentes	END	1742184425228
USER	Modelo Cerrado | Aumento de usuarios concurrentes	START	1742184425228
REQUEST		get model	1742184424441	1742184425261	OK	 
USER	Modelo Cerrado | Aumento de usuarios concurrentes	END	1742184425262
USER	Modelo Cerrado | Aumento de usuarios concurrentes	START	1742184425262
REQUEST		get model	1742184424602	1742184425293	OK	 
USER	Modelo Abierto | Disminucion de usuarios	END	1742184425295
USER	Modelo Abierto | Disminucion de usuarios	START	1742184425351
REQUEST		get model	1742184424716	1742184425403	OK	 
USER	Modelo Cerrado | Usuarios concurrentes por segundo	END	1742184425404
REQUEST		get model	1742184424650	1742184425458	OK	 
USER	Modelo Cerrado | Aumento de usuarios concurrentes	END	1742184425461
USER	Modelo Cerrado | Aumento de usuarios concurrentes	START	1742184425461
REQUEST		get model	1742184424852	1742184425538	OK	 
USER	Modelo Abierto | Disminucion de usuarios	END	1742184425539
REQUEST		get model	1742184424846	1742184425546	OK	 
USER	Modelo Cerrado | Aumento de usuarios concurrentes	END	1742184425547
USER	Modelo Cerrado | Aumento de usuarios concurrentes	START	1742184425547
USER	Modelo Abierto | Disminucion de usuarios	START	1742184425601
REQUEST		get model	1742184424964	1742184425690	OK	 
USER	Modelo Cerrado | Usuarios concurrentes por segundo	END	1742184425691
REQUEST		get model	1742184425032	1742184425703	OK	 
USER	Modelo Cerrado | Usuarios concurrentes por segundo	END	1742184425704
REQUEST		get model	1742184425111	1742184425786	OK	 
USER	Modelo Cerrado | Aumento de usuarios concurrentes	END	1742184425788
USER	Modelo Cerrado | Aumento de usuarios concurrentes	START	1742184425788
REQUEST		get model	1742184425102	1742184425818	OK	 
USER	Modelo Abierto | Disminucion de usuarios	END	1742184425819
USER	Modelo Abierto | Disminucion de usuarios	START	1742184425852
REQUEST		get model	1742184425262	1742184426004	OK	 
USER	Modelo Cerrado | Aumento de usuarios concurrentes	END	1742184426006
USER	Modelo Cerrado | Aumento de usuarios concurrentes	START	1742184426007
REQUEST		get model	1742184425228	1742184426040	OK	 
REQUEST		get model	1742184425352	1742184426041	OK	 
USER	Modelo Cerrado | Aumento de usuarios concurrentes	END	1742184426042
USER	Modelo Cerrado | Aumento de usuarios concurrentes	START	1742184426042
USER	Modelo Abierto | Disminucion de usuarios	END	1742184426042
USER	Modelo Abierto | Disminucion de usuarios	START	1742184426102
USER	Modelo Cerrado | Aumento de usuarios concurrentes	START	1742184426111
REQUEST		get model	1742184425461	1742184426141	OK	 
USER	Modelo Cerrado | Aumento de usuarios concurrentes	END	1742184426143
USER	Modelo Cerrado | Aumento de usuarios concurrentes	START	1742184426143
REQUEST		get model	1742184425547	1742184426237	OK	 
USER	Modelo Cerrado | Aumento de usuarios concurrentes	END	1742184426238
USER	Modelo Cerrado | Aumento de usuarios concurrentes	START	1742184426239
REQUEST		get model	1742184425601	1742184426289	OK	 
USER	Modelo Abierto | Disminucion de usuarios	END	1742184426292
USER	Modelo Abierto | Disminucion de usuarios	START	1742184426351
REQUEST		get model	1742184425788	1742184426474	OK	 
USER	Modelo Cerrado | Aumento de usuarios concurrentes	END	1742184426476
USER	Modelo Cerrado | Aumento de usuarios concurrentes	START	1742184426476
REQUEST		get model	1742184425852	1742184426532	OK	 
USER	Modelo Abierto | Disminucion de usuarios	END	1742184426534
USER	Modelo Abierto | Disminucion de usuarios	START	1742184426602
REQUEST		get model	1742184426007	1742184426673	OK	 
USER	Modelo Cerrado | Aumento de usuarios concurrentes	END	1742184426674
USER	Modelo Cerrado | Aumento de usuarios concurrentes	START	1742184426674
REQUEST		get model	1742184426042	1742184426728	OK	 
USER	Modelo Cerrado | Aumento de usuarios concurrentes	END	1742184426730
USER	Modelo Cerrado | Aumento de usuarios concurrentes	START	1742184426730
REQUEST		get model	1742184426111	1742184426813	OK	 
USER	Modelo Cerrado | Aumento de usuarios concurrentes	END	1742184426815
USER	Modelo Cerrado | Aumento de usuarios concurrentes	START	1742184426815
REQUEST		get model	1742184426143	1742184426843	OK	 
USER	Modelo Cerrado | Aumento de usuarios concurrentes	END	1742184426844
USER	Modelo Cerrado | Aumento de usuarios concurrentes	START	1742184426844
USER	Modelo Abierto | Disminucion de usuarios	START	1742184426852
REQUEST		get model	1742184426102	1742184426901	OK	 
USER	Modelo Abierto | Disminucion de usuarios	END	1742184426902
REQUEST		get model	1742184426239	1742184426927	OK	 
USER	Modelo Cerrado | Aumento de usuarios concurrentes	END	1742184426928
USER	Modelo Cerrado | Aumento de usuarios concurrentes	START	1742184426928
REQUEST		get model	1742184426351	1742184427049	OK	 
USER	Modelo Abierto | Disminucion de usuarios	END	1742184427050
USER	Modelo Abierto | Disminucion de usuarios	START	1742184427101
REQUEST		get model	1742184426476	1742184427191	OK	 
USER	Modelo Cerrado | Aumento de usuarios concurrentes	END	1742184427193
REQUEST		get model	1742184426602	1742184427350	OK	 
USER	Modelo Abierto | Disminucion de usuarios	END	1742184427351
REQUEST		get model	1742184426674	1742184427395	OK	 
USER	Modelo Cerrado | Aumento de usuarios concurrentes	END	1742184427404
USER	Modelo Abierto | Disminucion de usuarios	START	1742184427435
REQUEST		get model	1742184426730	1742184427500	OK	 
REQUEST		get model	1742184426852	1742184427525	OK	 
USER	Modelo Cerrado | Aumento de usuarios concurrentes	END	1742184427527
USER	Modelo Abierto | Disminucion de usuarios	END	1742184427527
REQUEST		get model	1742184426815	1742184427570	OK	 
USER	Modelo Cerrado | Aumento de usuarios concurrentes	END	1742184427572
REQUEST		get model	1742184426844	1742184427734	OK	 
USER	Modelo Cerrado | Aumento de usuarios concurrentes	END	1742184427736
REQUEST		get model	1742184426928	1742184427737	OK	 
USER	Modelo Cerrado | Aumento de usuarios concurrentes	END	1742184427739
USER	Modelo Abierto | Disminucion de usuarios	START	1742184427768
REQUEST		get model	1742184427102	1742184427904	OK	 
USER	Modelo Abierto | Disminucion de usuarios	END	1742184427906
USER	Modelo Abierto | Disminucion de usuarios	START	1742184428102
REQUEST		get model	1742184427435	1742184428139	OK	 
USER	Modelo Abierto | Disminucion de usuarios	END	1742184428140
USER	Modelo Abierto | Disminucion de usuarios	START	1742184428434
REQUEST		get model	1742184427768	1742184428463	OK	 
USER	Modelo Abierto | Disminucion de usuarios	END	1742184428465
USER	Modelo Abierto | Disminucion de usuarios	START	1742184428767
REQUEST		get model	1742184428103	1742184428794	OK	 
USER	Modelo Abierto | Disminucion de usuarios	END	1742184428798
USER	Modelo Abierto | Disminucion de usuarios	START	1742184429101
REQUEST		get model	1742184428434	1742184429199	OK	 
USER	Modelo Abierto | Disminucion de usuarios	END	1742184429201
USER	Modelo Abierto | Disminucion de usuarios	START	1742184429434
REQUEST		get model	1742184428767	1742184429450	OK	 
USER	Modelo Abierto | Disminucion de usuarios	END	1742184429451
USER	Modelo Abierto | Disminucion de usuarios	START	1742184429767
REQUEST		get model	1742184429101	1742184429779	OK	 
USER	Modelo Abierto | Disminucion de usuarios	END	1742184429780
USER	Modelo Abierto | Disminucion de usuarios	START	1742184430102
REQUEST		get model	1742184429434	1742184430151	OK	 
USER	Modelo Abierto | Disminucion de usuarios	END	1742184430153
REQUEST		get model	1742184429767	1742184430446	OK	 
USER	Modelo Abierto | Disminucion de usuarios	END	1742184430448
USER	Modelo Abierto | Disminucion de usuarios	START	1742184430602
REQUEST		get model	1742184430102	1742184430813	OK	 
USER	Modelo Abierto | Disminucion de usuarios	END	1742184430815
USER	Modelo Abierto | Disminucion de usuarios	START	1742184431102
REQUEST		get model	1742184430602	1742184431298	OK	 
USER	Modelo Abierto | Disminucion de usuarios	END	1742184431303
USER	Modelo Abierto | Disminucion de usuarios	START	1742184431434
USER	Modelo Abierto | Disminucion de usuarios	START	1742184431768
REQUEST		get model	1742184431103	1742184431847	OK	 
USER	Modelo Abierto | Disminucion de usuarios	END	1742184431853
REQUEST		get model	1742184431434	1742184432180	OK	 
USER	Modelo Abierto | Disminucion de usuarios	END	1742184432182
REQUEST		get model	1742184431768	1742184432500	OK	 
USER	Modelo Abierto | Disminucion de usuarios	END	1742184432502
