RUN	apiKata.getProducts.GetProductsSuccess	getproductssuccess	1742082800990	 	3.11.5
USER	Modelo Abierto | Disminucion de usuarios	START	1742082801689
USER	Modelo Cerrado | Aumento de usuarios concurrentes	START	1742082801689
USER	Modelo Abierto | Usuarios constantes por segundo	START	1742082801690
USER	Modelo Cerrado | Usuarios concurrentes por segundo	START	1742082801691
USER	Modelo Abierto | Usuarios fijos al mismo tiempo	START	1742082801691
USER	Modelo Abierto | Usuarios fijos al mismo tiempo	START	1742082801691
USER	Modelo Abierto | Usuarios fijos al mismo tiempo	START	1742082801703
USER	Modelo Cerrado | Usuarios concurrentes por segundo	START	1742082801892
USER	Modelo Abierto | Disminucion de usuarios	START	1742082801933
USER	Modelo Abierto | Usuarios constantes por segundo	START	1742082802014
USER	Modelo Cerrado | Aumento de usuarios concurrentes	START	1742082802023
USER	Modelo Cerrado | Usuarios concurrentes por segundo	START	1742082802092
USER	Modelo Abierto | Disminucion de usuarios	START	1742082802183
USER	Modelo Cerrado | Usuarios concurrentes por segundo	START	1742082802293
USER	Modelo Abierto | Usuarios constantes por segundo	START	1742082802348
USER	Modelo Cerrado | Aumento de usuarios concurrentes	START	1742082802356
USER	Modelo Abierto | Disminucion de usuarios	START	1742082802433
USER	Modelo Cerrado | Usuarios concurrentes por segundo	START	1742082802493
REQUEST		get model	1742082801703	1742082802529	OK	 
REQUEST		get model	1742082801700	1742082802529	OK	 
REQUEST		get model	1742082801700	1742082802530	OK	 
REQUEST		get model	1742082801700	1742082802529	OK	 
REQUEST		get model	1742082801700	1742082802529	OK	 
REQUEST		get model	1742082801700	1742082802529	OK	 
USER	Modelo Abierto | Usuarios fijos al mismo tiempo	END	1742082802556
USER	Modelo Abierto | Usuarios fijos al mismo tiempo	END	1742082802557
USER	Modelo Abierto | Disminucion de usuarios	END	1742082802559
REQUEST		get model	1742082801700	1742082802558	OK	 
USER	Modelo Abierto | Usuarios fijos al mismo tiempo	END	1742082802560
USER	Modelo Abierto | Usuarios constantes por segundo	END	1742082802561
USER	Modelo Cerrado | Usuarios concurrentes por segundo	END	1742082802563
USER	Modelo Cerrado | Usuarios concurrentes por segundo	START	1742082802563
USER	Modelo Cerrado | Aumento de usuarios concurrentes	END	1742082802564
USER	Modelo Cerrado | Aumento de usuarios concurrentes	START	1742082802564
REQUEST		get model	1742082801893	1742082802593	OK	 
USER	Modelo Cerrado | Usuarios concurrentes por segundo	END	1742082802596
USER	Modelo Cerrado | Usuarios concurrentes por segundo	START	1742082802596
REQUEST		get model	1742082801934	1742082802630	OK	 
USER	Modelo Abierto | Disminucion de usuarios	END	1742082802632
USER	Modelo Abierto | Usuarios constantes por segundo	START	1742082802682
USER	Modelo Abierto | Disminucion de usuarios	START	1742082802682
USER	Modelo Cerrado | Aumento de usuarios concurrentes	START	1742082802693
REQUEST		get model	1742082802023	1742082802704	OK	 
USER	Modelo Cerrado | Aumento de usuarios concurrentes	END	1742082802707
USER	Modelo Cerrado | Aumento de usuarios concurrentes	START	1742082802707
REQUEST		get model	1742082802015	1742082802712	OK	 
USER	Modelo Abierto | Usuarios constantes por segundo	END	1742082802714
REQUEST		get model	1742082802094	1742082802827	OK	 
USER	Modelo Cerrado | Usuarios concurrentes por segundo	END	1742082802830
USER	Modelo Cerrado | Usuarios concurrentes por segundo	START	1742082802830
REQUEST		get model	1742082802184	1742082802873	OK	 
USER	Modelo Abierto | Disminucion de usuarios	END	1742082802876
USER	Modelo Abierto | Disminucion de usuarios	START	1742082802883
REQUEST		get model	1742082802294	1742082802975	OK	 
USER	Modelo Cerrado | Usuarios concurrentes por segundo	END	1742082802982
USER	Modelo Cerrado | Usuarios concurrentes por segundo	START	1742082802982
USER	Modelo Abierto | Usuarios constantes por segundo	START	1742082803014
REQUEST		get model	1742082802349	1742082803035	OK	 
USER	Modelo Abierto | Usuarios constantes por segundo	END	1742082803040
USER	Modelo Abierto | Disminucion de usuarios	START	1742082803083
REQUEST		get model	1742082802433	1742082803128	OK	 
USER	Modelo Abierto | Disminucion de usuarios	END	1742082803135
REQUEST		get model	1742082802494	1742082803183	OK	 
USER	Modelo Cerrado | Usuarios concurrentes por segundo	END	1742082803188
USER	Modelo Cerrado | Usuarios concurrentes por segundo	START	1742082803189
REQUEST		get model	1742082802563	1742082803247	OK	 
USER	Modelo Cerrado | Usuarios concurrentes por segundo	END	1742082803252
USER	Modelo Cerrado | Usuarios concurrentes por segundo	START	1742082803252
REQUEST		get model	1742082802596	1742082803271	OK	 
USER	Modelo Cerrado | Usuarios concurrentes por segundo	END	1742082803274
USER	Modelo Cerrado | Usuarios concurrentes por segundo	START	1742082803274
USER	Modelo Abierto | Disminucion de usuarios	START	1742082803284
USER	Modelo Abierto | Usuarios constantes por segundo	START	1742082803347
REQUEST		get model	1742082802682	1742082803370	OK	 
USER	Modelo Abierto | Disminucion de usuarios	END	1742082803373
REQUEST		get model	1742082802707	1742082803377	OK	 
USER	Modelo Cerrado | Aumento de usuarios concurrentes	END	1742082803380
USER	Modelo Cerrado | Aumento de usuarios concurrentes	START	1742082803380
REQUEST		get model	1742082802693	1742082803407	OK	 
USER	Modelo Cerrado | Aumento de usuarios concurrentes	END	1742082803410
USER	Modelo Cerrado | Aumento de usuarios concurrentes	START	1742082803410
REQUEST		get model	1742082802564	1742082803451	OK	 
USER	Modelo Cerrado | Aumento de usuarios concurrentes	END	1742082803453
USER	Modelo Cerrado | Aumento de usuarios concurrentes	START	1742082803453
USER	Modelo Abierto | Disminucion de usuarios	START	1742082803483
REQUEST		get model	1742082802830	1742082803530	OK	 
USER	Modelo Cerrado | Usuarios concurrentes por segundo	END	1742082803533
USER	Modelo Cerrado | Usuarios concurrentes por segundo	START	1742082803533
REQUEST		get model	1742082802682	1742082803572	OK	 
USER	Modelo Abierto | Usuarios constantes por segundo	END	1742082803574
REQUEST		get model	1742082802883	1742082803583	OK	 
USER	Modelo Abierto | Disminucion de usuarios	END	1742082803585
REQUEST		get model	1742082802983	1742082803661	OK	 
USER	Modelo Cerrado | Usuarios concurrentes por segundo	END	1742082803666
USER	Modelo Cerrado | Usuarios concurrentes por segundo	START	1742082803666
USER	Modelo Abierto | Disminucion de usuarios	START	1742082803683
REQUEST		get model	1742082802356	1742082803687	OK	 
USER	Modelo Cerrado | Aumento de usuarios concurrentes	END	1742082803690
USER	Modelo Cerrado | Aumento de usuarios concurrentes	START	1742082803690
REQUEST		get model	1742082803014	1742082803712	OK	 
USER	Modelo Abierto | Usuarios constantes por segundo	END	1742082803714
REQUEST		get model	1742082803084	1742082803774	OK	 
USER	Modelo Abierto | Disminucion de usuarios	END	1742082803777
REQUEST		get model	1742082803189	1742082803915	OK	 
USER	Modelo Cerrado | Usuarios concurrentes por segundo	END	1742082803922
USER	Modelo Cerrado | Usuarios concurrentes por segundo	START	1742082803923
USER	Modelo Abierto | Disminucion de usuarios	START	1742082803931
REQUEST		get model	1742082803284	1742082803962	OK	 
USER	Modelo Abierto | Disminucion de usuarios	END	1742082803967
REQUEST		get model	1742082803274	1742082803976	OK	 
USER	Modelo Cerrado | Usuarios concurrentes por segundo	END	1742082803980
USER	Modelo Cerrado | Usuarios concurrentes por segundo	START	1742082803980
REQUEST		get model	1742082803348	1742082804063	OK	 
USER	Modelo Abierto | Usuarios constantes por segundo	END	1742082804069
REQUEST		get model	1742082803380	1742082804071	OK	 
USER	Modelo Cerrado | Aumento de usuarios concurrentes	END	1742082804075
USER	Modelo Cerrado | Aumento de usuarios concurrentes	START	1742082804075
REQUEST		get model	1742082803411	1742082804114	OK	 
USER	Modelo Cerrado | Aumento de usuarios concurrentes	END	1742082804118
USER	Modelo Cerrado | Aumento de usuarios concurrentes	START	1742082804118
REQUEST		get model	1742082803252	1742082804126	OK	 
USER	Modelo Cerrado | Usuarios concurrentes por segundo	END	1742082804129
USER	Modelo Cerrado | Usuarios concurrentes por segundo	START	1742082804130
REQUEST		get model	1742082803453	1742082804148	OK	 
USER	Modelo Cerrado | Aumento de usuarios concurrentes	END	1742082804151
USER	Modelo Cerrado | Aumento de usuarios concurrentes	START	1742082804151
REQUEST		get model	1742082803483	1742082804176	OK	 
USER	Modelo Abierto | Disminucion de usuarios	END	1742082804179
USER	Modelo Abierto | Disminucion de usuarios	START	1742082804181
REQUEST		get model	1742082803533	1742082804219	OK	 
USER	Modelo Cerrado | Usuarios concurrentes por segundo	END	1742082804226
USER	Modelo Cerrado | Usuarios concurrentes por segundo	START	1742082804226
REQUEST		get model	1742082803666	1742082804352	OK	 
REQUEST		get model	1742082803684	1742082804352	OK	 
USER	Modelo Abierto | Disminucion de usuarios	END	1742082804359
USER	Modelo Cerrado | Usuarios concurrentes por segundo	END	1742082804361
USER	Modelo Cerrado | Usuarios concurrentes por segundo	START	1742082804362
REQUEST		get model	1742082803690	1742082804383	OK	 
USER	Modelo Cerrado | Aumento de usuarios concurrentes	END	1742082804386
USER	Modelo Cerrado | Aumento de usuarios concurrentes	START	1742082804387
USER	Modelo Abierto | Disminucion de usuarios	START	1742082804431
REQUEST		get model	1742082803924	1742082804625	OK	 
USER	Modelo Cerrado | Usuarios concurrentes por segundo	END	1742082804630
USER	Modelo Cerrado | Usuarios concurrentes por segundo	START	1742082804631
REQUEST		get model	1742082803932	1742082804631	OK	 
USER	Modelo Abierto | Disminucion de usuarios	END	1742082804634
REQUEST		get model	1742082803980	1742082804655	OK	 
USER	Modelo Cerrado | Usuarios concurrentes por segundo	END	1742082804659
USER	Modelo Cerrado | Usuarios concurrentes por segundo	START	1742082804659
USER	Modelo Abierto | Disminucion de usuarios	START	1742082804682
USER	Modelo Cerrado | Aumento de usuarios concurrentes	START	1742082804693
REQUEST		get model	1742082804076	1742082804763	OK	 
USER	Modelo Cerrado | Aumento de usuarios concurrentes	END	1742082804765
USER	Modelo Cerrado | Aumento de usuarios concurrentes	START	1742082804766
REQUEST		get model	1742082804118	1742082804806	OK	 
USER	Modelo Cerrado | Aumento de usuarios concurrentes	END	1742082804808
USER	Modelo Cerrado | Aumento de usuarios concurrentes	START	1742082804808
REQUEST		get model	1742082804130	1742082804811	OK	 
USER	Modelo Cerrado | Usuarios concurrentes por segundo	END	1742082804813
REQUEST		get model	1742082804151	1742082804846	OK	 
USER	Modelo Cerrado | Aumento de usuarios concurrentes	END	1742082804849
USER	Modelo Cerrado | Aumento de usuarios concurrentes	START	1742082804849
REQUEST		get model	1742082804182	1742082804877	OK	 
USER	Modelo Abierto | Disminucion de usuarios	END	1742082804880
REQUEST		get model	1742082804227	1742082804909	OK	 
USER	Modelo Cerrado | Usuarios concurrentes por segundo	END	1742082804911
USER	Modelo Abierto | Disminucion de usuarios	START	1742082804931
REQUEST		get model	1742082804362	1742082805035	OK	 
USER	Modelo Cerrado | Usuarios concurrentes por segundo	END	1742082805044
REQUEST		get model	1742082804387	1742082805078	OK	 
USER	Modelo Cerrado | Aumento de usuarios concurrentes	END	1742082805084
USER	Modelo Cerrado | Aumento de usuarios concurrentes	START	1742082805084
REQUEST		get model	1742082804432	1742082805110	OK	 
USER	Modelo Abierto | Disminucion de usuarios	END	1742082805113
USER	Modelo Abierto | Disminucion de usuarios	START	1742082805182
REQUEST		get model	1742082804631	1742082805312	OK	 
USER	Modelo Cerrado | Usuarios concurrentes por segundo	END	1742082805317
REQUEST		get model	1742082804682	1742082805352	OK	 
USER	Modelo Abierto | Disminucion de usuarios	END	1742082805355
REQUEST		get model	1742082804660	1742082805357	OK	 
USER	Modelo Cerrado | Usuarios concurrentes por segundo	END	1742082805360
REQUEST		get model	1742082804693	1742082805387	OK	 
USER	Modelo Cerrado | Aumento de usuarios concurrentes	END	1742082805390
USER	Modelo Cerrado | Aumento de usuarios concurrentes	START	1742082805391
USER	Modelo Abierto | Disminucion de usuarios	START	1742082805432
REQUEST		get model	1742082804766	1742082805440	OK	 
USER	Modelo Cerrado | Aumento de usuarios concurrentes	END	1742082805443
USER	Modelo Cerrado | Aumento de usuarios concurrentes	START	1742082805443
REQUEST		get model	1742082804809	1742082805495	OK	 
USER	Modelo Cerrado | Aumento de usuarios concurrentes	END	1742082805497
USER	Modelo Cerrado | Aumento de usuarios concurrentes	START	1742082805497
REQUEST		get model	1742082804932	1742082805631	OK	 
REQUEST		get model	1742082804849	1742082805630	OK	 
USER	Modelo Abierto | Disminucion de usuarios	END	1742082805633
USER	Modelo Cerrado | Aumento de usuarios concurrentes	END	1742082805634
USER	Modelo Cerrado | Aumento de usuarios concurrentes	START	1742082805635
USER	Modelo Abierto | Disminucion de usuarios	START	1742082805683
USER	Modelo Cerrado | Aumento de usuarios concurrentes	START	1742082805692
REQUEST		get model	1742082805084	1742082805762	OK	 
USER	Modelo Cerrado | Aumento de usuarios concurrentes	END	1742082805765
USER	Modelo Cerrado | Aumento de usuarios concurrentes	START	1742082805765
REQUEST		get model	1742082805183	1742082805857	OK	 
USER	Modelo Abierto | Disminucion de usuarios	END	1742082805860
USER	Modelo Abierto | Disminucion de usuarios	START	1742082805932
REQUEST		get model	1742082805391	1742082806068	OK	 
USER	Modelo Cerrado | Aumento de usuarios concurrentes	END	1742082806074
USER	Modelo Cerrado | Aumento de usuarios concurrentes	START	1742082806074
REQUEST		get model	1742082805432	1742082806109	OK	 
USER	Modelo Abierto | Disminucion de usuarios	END	1742082806114
USER	Modelo Abierto | Disminucion de usuarios	START	1742082806183
REQUEST		get model	1742082805498	1742082806195	OK	 
USER	Modelo Cerrado | Aumento de usuarios concurrentes	END	1742082806202
USER	Modelo Cerrado | Aumento de usuarios concurrentes	START	1742082806202
REQUEST		get model	1742082805635	1742082806350	OK	 
USER	Modelo Cerrado | Aumento de usuarios concurrentes	END	1742082806358
USER	Modelo Cerrado | Aumento de usuarios concurrentes	START	1742082806359
REQUEST		get model	1742082805693	1742082806379	OK	 
USER	Modelo Cerrado | Aumento de usuarios concurrentes	END	1742082806383
USER	Modelo Cerrado | Aumento de usuarios concurrentes	START	1742082806383
REQUEST		get model	1742082805683	1742082806384	OK	 
USER	Modelo Abierto | Disminucion de usuarios	END	1742082806390
USER	Modelo Abierto | Disminucion de usuarios	START	1742082806433
REQUEST		get model	1742082805765	1742082806451	OK	 
USER	Modelo Cerrado | Aumento de usuarios concurrentes	END	1742082806457
USER	Modelo Cerrado | Aumento de usuarios concurrentes	START	1742082806457
REQUEST		get model	1742082805932	1742082806602	OK	 
USER	Modelo Abierto | Disminucion de usuarios	END	1742082806612
USER	Modelo Abierto | Disminucion de usuarios	START	1742082806683
REQUEST		get model	1742082805443	1742082806736	OK	 
USER	Modelo Cerrado | Aumento de usuarios concurrentes	END	1742082806741
REQUEST		get model	1742082806075	1742082806763	OK	 
USER	Modelo Cerrado | Aumento de usuarios concurrentes	END	1742082806768
REQUEST		get model	1742082806202	1742082806893	OK	 
REQUEST		get model	1742082806184	1742082806895	OK	 
USER	Modelo Cerrado | Aumento de usuarios concurrentes	END	1742082806902
USER	Modelo Abierto | Disminucion de usuarios	END	1742082806906
USER	Modelo Abierto | Disminucion de usuarios	START	1742082807015
REQUEST		get model	1742082806360	1742082807046	OK	 
USER	Modelo Cerrado | Aumento de usuarios concurrentes	END	1742082807055
REQUEST		get model	1742082806434	1742082807099	OK	 
USER	Modelo Abierto | Disminucion de usuarios	END	1742082807105
REQUEST		get model	1742082806457	1742082807167	OK	 
USER	Modelo Cerrado | Aumento de usuarios concurrentes	END	1742082807174
USER	Modelo Abierto | Disminucion de usuarios	START	1742082807348
REQUEST		get model	1742082806684	1742082807379	OK	 
USER	Modelo Abierto | Disminucion de usuarios	END	1742082807387
REQUEST		get model	1742082806384	1742082807672	OK	 
USER	Modelo Abierto | Disminucion de usuarios	START	1742082807682
USER	Modelo Cerrado | Aumento de usuarios concurrentes	END	1742082807688
REQUEST		get model	1742082807016	1742082807718	OK	 
USER	Modelo Abierto | Disminucion de usuarios	END	1742082807722
USER	Modelo Abierto | Disminucion de usuarios	START	1742082808015
REQUEST		get model	1742082807350	1742082808039	OK	 
USER	Modelo Abierto | Disminucion de usuarios	END	1742082808047
USER	Modelo Abierto | Disminucion de usuarios	START	1742082808349
REQUEST		get model	1742082807682	1742082808377	OK	 
USER	Modelo Abierto | Disminucion de usuarios	END	1742082808385
USER	Modelo Abierto | Disminucion de usuarios	START	1742082808682
REQUEST		get model	1742082808016	1742082808755	OK	 
USER	Modelo Abierto | Disminucion de usuarios	END	1742082808762
USER	Modelo Abierto | Disminucion de usuarios	START	1742082809015
REQUEST		get model	1742082808350	1742082809047	OK	 
USER	Modelo Abierto | Disminucion de usuarios	END	1742082809055
USER	Modelo Abierto | Disminucion de usuarios	START	1742082809349
REQUEST		get model	1742082808684	1742082809365	OK	 
USER	Modelo Abierto | Disminucion de usuarios	END	1742082809373
USER	Modelo Abierto | Disminucion de usuarios	START	1742082809683
REQUEST		get model	1742082809016	1742082809773	OK	 
USER	Modelo Abierto | Disminucion de usuarios	END	1742082809783
REQUEST		get model	1742082809350	1742082810054	OK	 
USER	Modelo Abierto | Disminucion de usuarios	END	1742082810062
USER	Modelo Abierto | Disminucion de usuarios	START	1742082810181
REQUEST		get model	1742082809684	1742082810467	OK	 
USER	Modelo Abierto | Disminucion de usuarios	END	1742082810476
USER	Modelo Abierto | Disminucion de usuarios	START	1742082810681
REQUEST		get model	1742082810183	1742082810885	OK	 
USER	Modelo Abierto | Disminucion de usuarios	END	1742082810893
USER	Modelo Abierto | Disminucion de usuarios	START	1742082811014
USER	Modelo Abierto | Disminucion de usuarios	START	1742082811350
REQUEST		get model	1742082810682	1742082811389	OK	 
USER	Modelo Abierto | Disminucion de usuarios	END	1742082811397
REQUEST		get model	1742082811014	1742082811715	OK	 
USER	Modelo Abierto | Disminucion de usuarios	END	1742082811722
REQUEST		get model	1742082811351	1742082812037	OK	 
USER	Modelo Abierto | Disminucion de usuarios	END	1742082812046
