RUN	apiKata.getProducts.GetProductsSuccess	getproductssuccess	1742184846798	 	3.11.5
USER	Modelo Abierto | Disminucion de usuarios	START	1742184848152
USER	Modelo Cerrado | Aumento de usuarios concurrentes	START	1742184848151
USER	Modelo Abierto | Usuarios constantes por segundo	START	1742184848156
USER	Modelo Cerrado | Usuarios concurrentes por segundo	START	1742184848157
USER	Modelo Abierto | Usuarios fijos al mismo tiempo	START	1742184848157
USER	Modelo Abierto | Usuarios fijos al mismo tiempo	START	1742184848157
USER	Modelo Abierto | Usuarios fijos al mismo tiempo	START	1742184848173
USER	Modelo Cerrado | Usuarios concurrentes por segundo	START	1742184848358
USER	Modelo Abierto | Disminucion de usuarios	START	1742184848396
USER	Modelo Abierto | Usuarios constantes por segundo	START	1742184848478
USER	Modelo Cerrado | Aumento de usuarios concurrentes	START	1742184848491
USER	Modelo Cerrado | Usuarios concurrentes por segundo	START	1742184848558
USER	Modelo Abierto | Disminucion de usuarios	START	1742184848645
USER	Modelo Cerrado | Usuarios concurrentes por segundo	START	1742184848759
USER	Modelo Abierto | Usuarios constantes por segundo	START	1742184848811
USER	Modelo Cerrado | Aumento de usuarios concurrentes	START	1742184848818
USER	Modelo Abierto | Disminucion de usuarios	START	1742184848895
USER	Modelo Cerrado | Usuarios concurrentes por segundo	START	1742184848958
REQUEST		get model	1742184848170	1742184849062	OK	 
REQUEST		get model	1742184848173	1742184849062	OK	 
REQUEST		get model	1742184848170	1742184849062	OK	 
REQUEST		get model	1742184848170	1742184849062	OK	 
USER	Modelo Abierto | Usuarios constantes por segundo	END	1742184849085
USER	Modelo Cerrado | Usuarios concurrentes por segundo	END	1742184849085
USER	Modelo Cerrado | Usuarios concurrentes por segundo	START	1742184849085
USER	Modelo Abierto | Usuarios fijos al mismo tiempo	END	1742184849086
USER	Modelo Abierto | Usuarios fijos al mismo tiempo	END	1742184849087
REQUEST		get model	1742184848170	1742184849105	OK	 
USER	Modelo Abierto | Disminucion de usuarios	END	1742184849108
REQUEST		get model	1742184848170	1742184849113	OK	 
USER	Modelo Abierto | Usuarios fijos al mismo tiempo	END	1742184849115
REQUEST		get model	1742184848170	1742184849117	OK	 
USER	Modelo Cerrado | Aumento de usuarios concurrentes	END	1742184849119
USER	Modelo Cerrado | Aumento de usuarios concurrentes	START	1742184849119
REQUEST		get model	1742184848359	1742184849125	OK	 
USER	Modelo Cerrado | Usuarios concurrentes por segundo	END	1742184849127
USER	Modelo Cerrado | Usuarios concurrentes por segundo	START	1742184849127
USER	Modelo Abierto | Disminucion de usuarios	START	1742184849145
USER	Modelo Abierto | Usuarios constantes por segundo	START	1742184849145
REQUEST		get model	1742184848396	1742184849153	OK	 
USER	Modelo Cerrado | Aumento de usuarios concurrentes	START	1742184849155
REQUEST		get model	1742184848479	1742184849155	OK	 
USER	Modelo Abierto | Disminucion de usuarios	END	1742184849155
USER	Modelo Abierto | Usuarios constantes por segundo	END	1742184849156
REQUEST		get model	1742184848492	1742184849185	OK	 
USER	Modelo Cerrado | Aumento de usuarios concurrentes	END	1742184849187
USER	Modelo Cerrado | Aumento de usuarios concurrentes	START	1742184849187
REQUEST		get model	1742184848559	1742184849256	OK	 
USER	Modelo Cerrado | Usuarios concurrentes por segundo	END	1742184849259
USER	Modelo Cerrado | Usuarios concurrentes por segundo	START	1742184849259
USER	Modelo Abierto | Disminucion de usuarios	START	1742184849347
REQUEST		get model	1742184848647	1742184849380	OK	 
USER	Modelo Abierto | Disminucion de usuarios	END	1742184849382
REQUEST		get model	1742184848761	1742184849449	OK	 
USER	Modelo Cerrado | Usuarios concurrentes por segundo	END	1742184849451
USER	Modelo Cerrado | Usuarios concurrentes por segundo	START	1742184849451
USER	Modelo Abierto | Usuarios constantes por segundo	START	1742184849478
REQUEST		get model	1742184848819	1742184849525	OK	 
REQUEST		get model	1742184848812	1742184849525	OK	 
USER	Modelo Cerrado | Aumento de usuarios concurrentes	END	1742184849527
USER	Modelo Cerrado | Aumento de usuarios concurrentes	START	1742184849527
USER	Modelo Abierto | Usuarios constantes por segundo	END	1742184849527
USER	Modelo Abierto | Disminucion de usuarios	START	1742184849547
REQUEST		get model	1742184848959	1742184849649	OK	 
USER	Modelo Cerrado | Usuarios concurrentes por segundo	END	1742184849651
USER	Modelo Cerrado | Usuarios concurrentes por segundo	START	1742184849651
USER	Modelo Abierto | Disminucion de usuarios	START	1742184849750
REQUEST		get model	1742184848896	1742184849762	OK	 
USER	Modelo Abierto | Disminucion de usuarios	END	1742184849763
REQUEST		get model	1742184849085	1742184849806	OK	 
REQUEST		get model	1742184849119	1742184849807	OK	 
USER	Modelo Cerrado | Usuarios concurrentes por segundo	END	1742184849808
USER	Modelo Cerrado | Usuarios concurrentes por segundo	START	1742184849808
USER	Modelo Cerrado | Aumento de usuarios concurrentes	END	1742184849809
USER	Modelo Cerrado | Aumento de usuarios concurrentes	START	1742184849809
USER	Modelo Abierto | Usuarios constantes por segundo	START	1742184849811
REQUEST		get model	1742184849127	1742184849827	OK	 
USER	Modelo Cerrado | Usuarios concurrentes por segundo	END	1742184849829
USER	Modelo Cerrado | Usuarios concurrentes por segundo	START	1742184849829
REQUEST		get model	1742184849146	1742184849847	OK	 
USER	Modelo Abierto | Disminucion de usuarios	END	1742184849848
REQUEST		get model	1742184849155	1742184849853	OK	 
USER	Modelo Cerrado | Aumento de usuarios concurrentes	END	1742184849855
USER	Modelo Cerrado | Aumento de usuarios concurrentes	START	1742184849855
USER	Modelo Abierto | Disminucion de usuarios	START	1742184849950
REQUEST		get model	1742184849146	1742184850001	OK	 
USER	Modelo Abierto | Usuarios constantes por segundo	END	1742184850003
REQUEST		get model	1742184849188	1742184850009	OK	 
USER	Modelo Cerrado | Aumento de usuarios concurrentes	END	1742184850011
USER	Modelo Cerrado | Aumento de usuarios concurrentes	START	1742184850011
REQUEST		get model	1742184849259	1742184850017	OK	 
USER	Modelo Cerrado | Usuarios concurrentes por segundo	END	1742184850018
USER	Modelo Cerrado | Usuarios concurrentes por segundo	START	1742184850019
REQUEST		get model	1742184849347	1742184850023	OK	 
USER	Modelo Abierto | Disminucion de usuarios	END	1742184850024
REQUEST		get model	1742184849452	1742184850141	OK	 
USER	Modelo Cerrado | Usuarios concurrentes por segundo	END	1742184850143
USER	Modelo Cerrado | Usuarios concurrentes por segundo	START	1742184850143
USER	Modelo Abierto | Disminucion de usuarios	START	1742184850150
REQUEST		get model	1742184849478	1742184850162	OK	 
USER	Modelo Abierto | Usuarios constantes por segundo	END	1742184850163
REQUEST		get model	1742184849527	1742184850246	OK	 
USER	Modelo Cerrado | Aumento de usuarios concurrentes	END	1742184850248
USER	Modelo Cerrado | Aumento de usuarios concurrentes	START	1742184850248
REQUEST		get model	1742184849651	1742184850379	OK	 
USER	Modelo Cerrado | Usuarios concurrentes por segundo	END	1742184850380
USER	Modelo Cerrado | Usuarios concurrentes por segundo	START	1742184850380
REQUEST		get model	1742184849547	1742184850383	OK	 
USER	Modelo Abierto | Disminucion de usuarios	END	1742184850384
USER	Modelo Abierto | Disminucion de usuarios	START	1742184850396
REQUEST		get model	1742184849750	1742184850447	OK	 
USER	Modelo Abierto | Disminucion de usuarios	END	1742184850448
REQUEST		get model	1742184849808	1742184850504	OK	 
USER	Modelo Cerrado | Usuarios concurrentes por segundo	END	1742184850505
USER	Modelo Cerrado | Usuarios concurrentes por segundo	START	1742184850505
REQUEST		get model	1742184849809	1742184850511	OK	 
USER	Modelo Cerrado | Aumento de usuarios concurrentes	END	1742184850512
USER	Modelo Cerrado | Aumento de usuarios concurrentes	START	1742184850512
REQUEST		get model	1742184849855	1742184850555	OK	 
USER	Modelo Cerrado | Aumento de usuarios concurrentes	END	1742184850556
USER	Modelo Cerrado | Aumento de usuarios concurrentes	START	1742184850556
REQUEST		get model	1742184849950	1742184850633	OK	 
USER	Modelo Abierto | Disminucion de usuarios	END	1742184850634
USER	Modelo Abierto | Disminucion de usuarios	START	1742184850646
REQUEST		get model	1742184849811	1742184850746	OK	 
USER	Modelo Abierto | Usuarios constantes por segundo	END	1742184850748
REQUEST		get model	1742184850019	1742184850754	OK	 
REQUEST		get model	1742184850011	1742184850755	OK	 
USER	Modelo Cerrado | Usuarios concurrentes por segundo	END	1742184850756
USER	Modelo Cerrado | Usuarios concurrentes por segundo	START	1742184850756
USER	Modelo Cerrado | Aumento de usuarios concurrentes	END	1742184850756
USER	Modelo Cerrado | Aumento de usuarios concurrentes	START	1742184850756
REQUEST		get model	1742184849829	1742184850770	OK	 
USER	Modelo Cerrado | Usuarios concurrentes por segundo	END	1742184850771
USER	Modelo Cerrado | Usuarios concurrentes por segundo	START	1742184850772
USER	Modelo Abierto | Disminucion de usuarios	START	1742184850896
REQUEST		get model	1742184850150	1742184850930	OK	 
USER	Modelo Abierto | Disminucion de usuarios	END	1742184850931
REQUEST		get model	1742184850248	1742184850934	OK	 
USER	Modelo Cerrado | Aumento de usuarios concurrentes	END	1742184850935
USER	Modelo Cerrado | Aumento de usuarios concurrentes	START	1742184850935
REQUEST		get model	1742184850143	1742184850990	OK	 
USER	Modelo Cerrado | Usuarios concurrentes por segundo	END	1742184850992
USER	Modelo Cerrado | Usuarios concurrentes por segundo	START	1742184850992
REQUEST		get model	1742184850380	1742184851056	OK	 
USER	Modelo Cerrado | Usuarios concurrentes por segundo	END	1742184851058
USER	Modelo Cerrado | Usuarios concurrentes por segundo	START	1742184851058
USER	Modelo Abierto | Disminucion de usuarios	START	1742184851145
REQUEST		get model	1742184850396	1742184851146	OK	 
USER	Modelo Abierto | Disminucion de usuarios	END	1742184851147
USER	Modelo Cerrado | Aumento de usuarios concurrentes	START	1742184851156
REQUEST		get model	1742184850512	1742184851189	OK	 
USER	Modelo Cerrado | Aumento de usuarios concurrentes	END	1742184851191
USER	Modelo Cerrado | Aumento de usuarios concurrentes	START	1742184851191
REQUEST		get model	1742184850556	1742184851235	OK	 
USER	Modelo Cerrado | Aumento de usuarios concurrentes	END	1742184851237
USER	Modelo Cerrado | Aumento de usuarios concurrentes	START	1742184851237
REQUEST		get model	1742184850505	1742184851280	OK	 
USER	Modelo Cerrado | Usuarios concurrentes por segundo	END	1742184851281
REQUEST		get model	1742184850646	1742184851318	OK	 
USER	Modelo Abierto | Disminucion de usuarios	END	1742184851319
USER	Modelo Abierto | Disminucion de usuarios	START	1742184851395
REQUEST		get model	1742184850756	1742184851449	OK	 
USER	Modelo Cerrado | Aumento de usuarios concurrentes	END	1742184851450
USER	Modelo Cerrado | Aumento de usuarios concurrentes	START	1742184851450
REQUEST		get model	1742184850772	1742184851457	OK	 
REQUEST		get model	1742184850756	1742184851457	OK	 
USER	Modelo Cerrado | Usuarios concurrentes por segundo	END	1742184851458
USER	Modelo Cerrado | Usuarios concurrentes por segundo	END	1742184851458
REQUEST		get model	1742184850896	1742184851574	OK	 
USER	Modelo Abierto | Disminucion de usuarios	END	1742184851576
REQUEST		get model	1742184850935	1742184851633	OK	 
USER	Modelo Cerrado | Aumento de usuarios concurrentes	END	1742184851634
USER	Modelo Cerrado | Aumento de usuarios concurrentes	START	1742184851635
USER	Modelo Abierto | Disminucion de usuarios	START	1742184851645
REQUEST		get model	1742184850992	1742184851684	OK	 
USER	Modelo Cerrado | Usuarios concurrentes por segundo	END	1742184851686
REQUEST		get model	1742184851058	1742184851733	OK	 
USER	Modelo Cerrado | Usuarios concurrentes por segundo	END	1742184851734
REQUEST		get model	1742184851146	1742184851846	OK	 
USER	Modelo Abierto | Disminucion de usuarios	END	1742184851848
REQUEST		get model	1742184851156	1742184851877	OK	 
USER	Modelo Cerrado | Aumento de usuarios concurrentes	END	1742184851878
USER	Modelo Cerrado | Aumento de usuarios concurrentes	START	1742184851878
REQUEST		get model	1742184851191	1742184851879	OK	 
USER	Modelo Cerrado | Aumento de usuarios concurrentes	END	1742184851880
USER	Modelo Cerrado | Aumento de usuarios concurrentes	START	1742184851880
USER	Modelo Abierto | Disminucion de usuarios	START	1742184851896
REQUEST		get model	1742184851395	1742184852089	OK	 
USER	Modelo Abierto | Disminucion de usuarios	END	1742184852091
REQUEST		get model	1742184851237	1742184852100	OK	 
USER	Modelo Cerrado | Aumento de usuarios concurrentes	END	1742184852101
USER	Modelo Cerrado | Aumento de usuarios concurrentes	START	1742184852101
REQUEST		get model	1742184851450	1742184852127	OK	 
USER	Modelo Cerrado | Aumento de usuarios concurrentes	END	1742184852128
USER	Modelo Cerrado | Aumento de usuarios concurrentes	START	1742184852128
USER	Modelo Abierto | Disminucion de usuarios	START	1742184852146
USER	Modelo Cerrado | Aumento de usuarios concurrentes	START	1742184852156
REQUEST		get model	1742184851635	1742184852306	OK	 
USER	Modelo Cerrado | Aumento de usuarios concurrentes	END	1742184852308
USER	Modelo Cerrado | Aumento de usuarios concurrentes	START	1742184852308
REQUEST		get model	1742184851645	1742184852328	OK	 
USER	Modelo Abierto | Disminucion de usuarios	END	1742184852329
USER	Modelo Abierto | Disminucion de usuarios	START	1742184852396
REQUEST		get model	1742184851896	1742184852576	OK	 
USER	Modelo Abierto | Disminucion de usuarios	END	1742184852577
REQUEST		get model	1742184851880	1742184852588	OK	 
REQUEST		get model	1742184851879	1742184852588	OK	 
USER	Modelo Cerrado | Aumento de usuarios concurrentes	END	1742184852590
USER	Modelo Cerrado | Aumento de usuarios concurrentes	END	1742184852590
USER	Modelo Cerrado | Aumento de usuarios concurrentes	START	1742184852590
USER	Modelo Cerrado | Aumento de usuarios concurrentes	START	1742184852590
USER	Modelo Abierto | Disminucion de usuarios	START	1742184852646
REQUEST		get model	1742184852128	1742184852795	OK	 
USER	Modelo Cerrado | Aumento de usuarios concurrentes	END	1742184852797
USER	Modelo Cerrado | Aumento de usuarios concurrentes	START	1742184852797
REQUEST		get model	1742184852101	1742184852799	OK	 
USER	Modelo Cerrado | Aumento de usuarios concurrentes	END	1742184852800
USER	Modelo Cerrado | Aumento de usuarios concurrentes	START	1742184852800
REQUEST		get model	1742184852156	1742184852831	OK	 
USER	Modelo Cerrado | Aumento de usuarios concurrentes	END	1742184852832
USER	Modelo Cerrado | Aumento de usuarios concurrentes	START	1742184852832
USER	Modelo Abierto | Disminucion de usuarios	START	1742184852896
REQUEST		get model	1742184852308	1742184852986	OK	 
USER	Modelo Cerrado | Aumento de usuarios concurrentes	END	1742184852988
USER	Modelo Cerrado | Aumento de usuarios concurrentes	START	1742184852988
REQUEST		get model	1742184852146	1742184853043	OK	 
USER	Modelo Abierto | Disminucion de usuarios	END	1742184853045
REQUEST		get model	1742184852396	1742184853082	OK	 
USER	Modelo Abierto | Disminucion de usuarios	END	1742184853083
USER	Modelo Abierto | Disminucion de usuarios	START	1742184853146
REQUEST		get model	1742184852590	1742184853297	OK	 
REQUEST		get model	1742184852591	1742184853297	OK	 
USER	Modelo Cerrado | Aumento de usuarios concurrentes	END	1742184853298
USER	Modelo Cerrado | Aumento de usuarios concurrentes	END	1742184853299
REQUEST		get model	1742184852646	1742184853327	OK	 
USER	Modelo Abierto | Disminucion de usuarios	END	1742184853328
USER	Modelo Abierto | Disminucion de usuarios	START	1742184853478
REQUEST		get model	1742184852797	1742184853515	OK	 
USER	Modelo Cerrado | Aumento de usuarios concurrentes	END	1742184853516
REQUEST		get model	1742184852832	1742184853540	OK	 
USER	Modelo Cerrado | Aumento de usuarios concurrentes	END	1742184853542
REQUEST		get model	1742184852800	1742184853572	OK	 
REQUEST		get model	1742184852896	1742184853572	OK	 
USER	Modelo Cerrado | Aumento de usuarios concurrentes	END	1742184853574
USER	Modelo Abierto | Disminucion de usuarios	END	1742184853575
REQUEST		get model	1742184852988	1742184853687	OK	 
USER	Modelo Cerrado | Aumento de usuarios concurrentes	END	1742184853689
USER	Modelo Abierto | Disminucion de usuarios	START	1742184853811
REQUEST		get model	1742184853146	1742184853851	OK	 
USER	Modelo Abierto | Disminucion de usuarios	END	1742184853852
USER	Modelo Abierto | Disminucion de usuarios	START	1742184854146
REQUEST		get model	1742184853478	1742184854179	OK	 
USER	Modelo Abierto | Disminucion de usuarios	END	1742184854181
USER	Modelo Abierto | Disminucion de usuarios	START	1742184854479
REQUEST		get model	1742184853811	1742184854506	OK	 
USER	Modelo Abierto | Disminucion de usuarios	END	1742184854508
USER	Modelo Abierto | Disminucion de usuarios	START	1742184854812
REQUEST		get model	1742184854146	1742184854821	OK	 
USER	Modelo Abierto | Disminucion de usuarios	END	1742184854823
USER	Modelo Abierto | Disminucion de usuarios	START	1742184855146
REQUEST		get model	1742184854479	1742184855155	OK	 
USER	Modelo Abierto | Disminucion de usuarios	END	1742184855157
USER	Modelo Abierto | Disminucion de usuarios	START	1742184855478
REQUEST		get model	1742184854812	1742184855483	OK	 
USER	Modelo Abierto | Disminucion de usuarios	END	1742184855485
USER	Modelo Abierto | Disminucion de usuarios	START	1742184855811
REQUEST		get model	1742184855146	1742184855836	OK	 
USER	Modelo Abierto | Disminucion de usuarios	END	1742184855838
USER	Modelo Abierto | Disminucion de usuarios	START	1742184856146
REQUEST		get model	1742184855479	1742184856163	OK	 
USER	Modelo Abierto | Disminucion de usuarios	END	1742184856165
REQUEST		get model	1742184855812	1742184856483	OK	 
USER	Modelo Abierto | Disminucion de usuarios	END	1742184856485
USER	Modelo Abierto | Disminucion de usuarios	START	1742184856645
REQUEST		get model	1742184856146	1742184856837	OK	 
USER	Modelo Abierto | Disminucion de usuarios	END	1742184856839
USER	Modelo Abierto | Disminucion de usuarios	START	1742184857144
REQUEST		get model	1742184856646	1742184857339	OK	 
USER	Modelo Abierto | Disminucion de usuarios	END	1742184857346
USER	Modelo Abierto | Disminucion de usuarios	START	1742184857478
USER	Modelo Abierto | Disminucion de usuarios	START	1742184857812
REQUEST		get model	1742184857145	1742184857813	OK	 
USER	Modelo Abierto | Disminucion de usuarios	END	1742184857816
REQUEST		get model	1742184857478	1742184858148	OK	 
USER	Modelo Abierto | Disminucion de usuarios	END	1742184858156
REQUEST		get model	1742184857812	1742184858552	OK	 
USER	Modelo Abierto | Disminucion de usuarios	END	1742184858555
